#
# There is insufficient memory for the Java Runtime Environment to continue.
# Native memory allocation (malloc) failed to allocate 348336 bytes for Chunk::new
# Possible reasons:
#   The system is out of physical RAM or swap space
#   The process is running with CompressedOops enabled, and the Java Heap may be blocking the growth of the native heap
# Possible solutions:
#   Reduce memory load on the system
#   Increase physical memory or swap space
#   Check if swap backing store is full
#   Decrease Java heap size (-Xmx/-Xms)
#   Decrease number of Java threads
#   Decrease Java thread stack sizes (-Xss)
#   Set larger code cache with -XX:ReservedCodeCacheSize=
#   JVM is running with Unscaled Compressed Oops mode in which the Java heap is
#     placed in the first 4GB address space. The Java Heap base address is the
#     maximum limit for the native heap growth. Please use -XX:HeapBaseMinAddress
#     to set the Java Heap base and to place the Java Heap above 4GB virtual address.
# This output file may be truncated or incomplete.
#
#  Out of Memory Error (arena.cpp:189), pid=29816, tid=24428
#
# JRE version: Java(TM) SE Runtime Environment (17.0.6+9) (build 17.0.6+9-LTS-190)
# Java VM: Java HotSpot(TM) 64-Bit Server VM (17.0.6+9-LTS-190, mixed mode, sharing, tiered, compressed oops, compressed class ptrs, g1 gc, windows-amd64)
# No core dump will be written. Minidumps are not enabled by default on client versions of Windows
#

---------------  S U M M A R Y ------------

Command Line: C:\Users\SREEKUTTY K V\AppData\Local\Temp\surefire6734963326141938664\surefirebooter12568068661785117723.jar C:\Users\SREEKUTTY K V\AppData\Local\Temp\surefire6734963326141938664 2024-10-29T18-14-16_124-jvmRun1 surefire2397462493585963701tmp surefire_06789110711952621361tmp

Host: AMD Ryzen 5 5625U with Radeon Graphics         , 12 cores, 7G,  Windows 11 , 64 bit Build 22621 (10.0.22621.3958)
Time: Tue Oct 29 18:17:35 2024 India Standard Time elapsed time: 198.362339 seconds (0d 0h 3m 18s)

---------------  T H R E A D  ---------------

Current thread (0x000001d6d8827260):  JavaThread "C2 CompilerThread0" daemon [_thread_in_native, id=24428, stack(0x00000012d5200000,0x00000012d5300000)]


Current CompileTask:
C2: 198362 6761       4       com.sun.org.apache.xerces.internal.impl.XMLNSDocumentScannerImpl::scanStartElement (1031 bytes)

Stack: [0x00000012d5200000,0x00000012d5300000]
Native frames: (J=compiled Java code, j=interpreted, Vv=VM code, C=native code)
V  [jvm.dll+0x6734ea]
V  [jvm.dll+0x7d18f4]
V  [jvm.dll+0x7d309e]
V  [jvm.dll+0x7d3703]
V  [jvm.dll+0x2433c5]
V  [jvm.dll+0xaa46b]
V  [jvm.dll+0xaaa0c]
V  [jvm.dll+0x2a8b1f]
V  [jvm.dll+0x57bf85]
V  [jvm.dll+0x21e142]
V  [jvm.dll+0x217500]
V  [jvm.dll+0x215109]
V  [jvm.dll+0x1a1730]
V  [jvm.dll+0x224b6e]
V  [jvm.dll+0x222f15]
V  [jvm.dll+0x78753c]
V  [jvm.dll+0x781a7a]
V  [jvm.dll+0x672375]
C  [ucrtbase.dll+0x29333]
C  [KERNEL32.DLL+0x1257d]
C  [ntdll.dll+0x5af08]


---------------  P R O C E S S  ---------------

Threads class SMR info:
_java_thread_list=0x000001d6daaa2c30, length=215, elements={
0x000001d6ba821fd0, 0x000001d6d88070c0, 0x000001d6d8807d30, 0x000001d6d88237b0,
0x000001d6d8825170, 0x000001d6d8825b20, 0x000001d6d88264d0, 0x000001d6d8827260,
0x000001d6d8827d00, 0x000001d6d88401b0, 0x000001d6d950c420, 0x000001d6d95112e0,
0x000001d6d9904440, 0x000001d6da6ab5e0, 0x000001d6da6abab0, 0x000001d6d9ab0120,
0x000001d6da7e0480, 0x000001d6da7e0950, 0x000001d6d9ab05f0, 0x000001d6da2c70d0,
0x000001d6da2c8410, 0x000001d6da2c75a0, 0x000001d6da2c6c00, 0x000001d6da2c6260,
0x000001d6da2c8db0, 0x000001d6da2c7a70, 0x000001d6da2c88e0, 0x000001d6da2c9280,
0x000001d6da2c9750, 0x000001d6da2c6730, 0x000001d6da2c5d90, 0x000001d6da851440,
0x000001d6da84e8f0, 0x000001d6da851910, 0x000001d6da84c270, 0x000001d6da850aa0,
0x000001d6da84d0e0, 0x000001d6da84d5b0, 0x000001d6da84df50, 0x000001d6da852c50,
0x000001d6da0ffc90, 0x000001d6da100160, 0x000001d6da0ff7c0, 0x000001d6da0fc7a0,
0x000001d6da0fe480, 0x000001d6da0f92b0, 0x000001d6da0fd140, 0x000001d6da0fd610,
0x000001d6da0f9c50, 0x000001d6da0fe950, 0x000001d6da0fdae0, 0x000001d6da0ff2f0,
0x000001d6da0fb930, 0x000001d6dbcd68f0, 0x000001d6dbcd7c30, 0x000001d6dbcd85d0,
0x000001d6dbcd6420, 0x000001d6dbcdbac0, 0x000001d6dbcd7290, 0x000001d6dbcd8f70,
0x000001d6dbcd9de0, 0x000001d6dbcda780, 0x000001d6dbcdc460, 0x000001d6da2c7f40,
0x000001d6d9a8b7e0, 0x000001d6d9a8e800, 0x000001d6d9a8a4a0, 0x000001d6d9a87480,
0x000001d6d9a89b00, 0x000001d6d9a8d4c0, 0x000001d6d9a8b310, 0x000001d6d9a8d990,
0x000001d6d9e11520, 0x000001d6d9e0ccf0, 0x000001d6d9e0e030, 0x000001d6d9e0c820,
0x000001d6d9e13200, 0x000001d6d9e119f0, 0x000001d6d9e11050, 0x000001d6d9e12860,
0x000001d6d9e11ec0, 0x000001d6d9e0fd10, 0x000001d6d9a8bcb0, 0x000001d6d95ee4e0,
0x000001d6d95f01c0, 0x000001d6d95f0690, 0x000001d6d95f4050, 0x000001d6d95ef820,
0x000001d6d95f2840, 0x000001d6d95f49f0, 0x000001d6d95f4ec0, 0x000001d6d95f5860,
0x000001d6d95ee9b0, 0x000001d6d95f19d0, 0x000001d6d9e0d690, 0x000001d6daef0580,
0x000001d6daef0f20, 0x000001d6daef1d90, 0x000001d6daef2730, 0x000001d6dadb0ee0,
0x000001d6dadae860, 0x000001d6dadb13b0, 0x000001d6dadaf6d0, 0x000001d6dadb2220,
0x000001d6d95f4520, 0x000001d6d95ef350, 0x000001d6d9e136d0, 0x000001d6d9e0d1c0,
0x000001d6daef3f40, 0x000001d6daef0a50, 0x000001d6d9a89630, 0x000001d6da64f3e0,
0x000001d6da6510c0, 0x000001d6da64cd60, 0x000001d6da64c890, 0x000001d6da6528d0,
0x000001d6da651590, 0x000001d6da64d700, 0x000001d6da651f30, 0x000001d6da650720,
0x000001d6da84da80, 0x000001d6da851de0, 0x000001d6da84edc0, 0x000001d6da84fc30,
0x000001d6da850100, 0x000001d6da8505d0, 0x000001d6d9a8e330, 0x000001d6d9a8c180,
0x000001d6d9a87e20, 0x000001d6d9a87950, 0x000001d6d9a8c650, 0x000001d6d9a8ae40,
0x000001d6dbcd9910, 0x000001d6dbcdb5f0, 0x000001d6dbcdc930, 0x000001d6dbcdce00,
0x000001d6dbcd7760, 0x000001d6dbcd8100, 0x000001d6da100b00, 0x000001d6da0fdfb0,
0x000001d6da0fa120, 0x000001d6da0fbe00, 0x000001d6da100630, 0x000001d6da0f9780,
0x000001d6da0fa5f0, 0x000001d6da0fb460, 0x000001d6da0faac0, 0x000001d6da0fc2d0,
0x000001d6da0fcc70, 0x000001d6d9e13ba0, 0x000001d6d9e12390, 0x000001d6d9e0f370,
0x000001d6d9e12d30, 0x000001d6d9e0f840, 0x000001d6d9e0e9d0, 0x000001d6d9e101e0,
0x000001d6d9e0c350, 0x000001d6d9e0e500, 0x000001d6d9e0eea0, 0x000001d6d9e106b0,
0x000001d6d9e10b80, 0x000001d6da652da0, 0x000001d6da64f8b0, 0x000001d6da650bf0,
0x000001d6da651a60, 0x000001d6da64dbd0, 0x000001d6da64ea40, 0x000001d6da64d230,
0x000001d6da652400, 0x000001d6da653270, 0x000001d6da653740, 0x000001d6da64bef0,
0x000001d6da64e0a0, 0x000001d6da650250, 0x000001d6da64c3c0, 0x000001d6da64fd80,
0x000001d6d95f5390, 0x000001d6d95f31e0, 0x000001d6d95f36b0, 0x000001d6d95f2d10,
0x000001d6d95f3b80, 0x000001d6d95ee010, 0x000001d6d95efcf0, 0x000001d6d95f1030,
0x000001d6d95f0b60, 0x000001d6d95f1500, 0x000001d6d95f1ea0, 0x000001d6d95f2370,
0x000001d6da84f290, 0x000001d6da8522b0, 0x000001d6da850f70, 0x000001d6da852780,
0x000001d6da853120, 0x000001d6da84b8d0, 0x000001d6da84bda0, 0x000001d6da84cc10,
0x000001d6da84f760, 0x000001d6d9a8cff0, 0x000001d6d9a887c0, 0x000001d6d9a8de60,
0x000001d6d9a89fd0, 0x000001d6d9a8ecd0, 0x000001d6d9a882f0, 0x000001d6d9a8a970,
0x000001d6d9a88c90, 0x000001d6dadb1880, 0x000001d6dadaf200, 0x000001d6dadafba0,
0x000001d6dadb0070, 0x000001d6dadb0540, 0x000001d6dadb0a10, 0x000001d6dadaed30,
0x000001d6dadb1d50, 0x000001d6dbcdd2d0, 0x000001d6dbcdd7a0
}

Java Threads: ( => current thread )
  0x000001d6ba821fd0 JavaThread "main" [_thread_blocked, id=45660, stack(0x00000012d4500000,0x00000012d4600000)]
  0x000001d6d88070c0 JavaThread "Reference Handler" daemon [_thread_blocked, id=47704, stack(0x00000012d4c00000,0x00000012d4d00000)]
  0x000001d6d8807d30 JavaThread "Finalizer" daemon [_thread_blocked, id=29476, stack(0x00000012d4d00000,0x00000012d4e00000)]
  0x000001d6d88237b0 JavaThread "Signal Dispatcher" daemon [_thread_blocked, id=20764, stack(0x00000012d4e00000,0x00000012d4f00000)]
  0x000001d6d8825170 JavaThread "Attach Listener" daemon [_thread_blocked, id=29940, stack(0x00000012d4f00000,0x00000012d5000000)]
  0x000001d6d8825b20 JavaThread "Service Thread" daemon [_thread_blocked, id=32600, stack(0x00000012d5000000,0x00000012d5100000)]
  0x000001d6d88264d0 JavaThread "Monitor Deflation Thread" daemon [_thread_blocked, id=8280, stack(0x00000012d5100000,0x00000012d5200000)]
=>0x000001d6d8827260 JavaThread "C2 CompilerThread0" daemon [_thread_in_native, id=24428, stack(0x00000012d5200000,0x00000012d5300000)]
  0x000001d6d8827d00 JavaThread "C1 CompilerThread0" daemon [_thread_blocked, id=39968, stack(0x00000012d5300000,0x00000012d5400000)]
  0x000001d6d88401b0 JavaThread "Sweeper thread" daemon [_thread_blocked, id=47716, stack(0x00000012d5400000,0x00000012d5500000)]
  0x000001d6d950c420 JavaThread "Notification Thread" daemon [_thread_blocked, id=10820, stack(0x00000012d5500000,0x00000012d5600000)]
  0x000001d6d95112e0 JavaThread "Common-Cleaner" daemon [_thread_blocked, id=47508, stack(0x00000012d5700000,0x00000012d5800000)]
  0x000001d6d9904440 JavaThread "surefire-forkedjvm-command-thread" daemon [_thread_in_native, id=36632, stack(0x00000012d5800000,0x00000012d5900000)]
  0x000001d6da6ab5e0 JavaThread "ForkJoinPool.commonPool-worker-1" daemon [_thread_blocked, id=24476, stack(0x00000012d6100000,0x00000012d6200000)]
  0x000001d6da6abab0 JavaThread "ForkJoinPool.commonPool-worker-2" daemon [_thread_blocked, id=39856, stack(0x00000012d6200000,0x00000012d6300000)]
  0x000001d6d9ab0120 JavaThread "ForkJoinPool.commonPool-worker-3" daemon [_thread_blocked, id=23740, stack(0x00000012d6300000,0x00000012d6400000)]
  0x000001d6da7e0480 JavaThread "ForkJoinPool.commonPool-worker-4" daemon [_thread_blocked, id=12232, stack(0x00000012d6400000,0x00000012d6500000)]
  0x000001d6da7e0950 JavaThread "ForkJoinPool.commonPool-worker-5" daemon [_thread_blocked, id=16716, stack(0x00000012d6500000,0x00000012d6600000)]
  0x000001d6d9ab05f0 JavaThread "ForkJoinPool.commonPool-worker-7" daemon [_thread_blocked, id=6176, stack(0x00000012d6600000,0x00000012d6700000)]
  0x000001d6da2c70d0 JavaThread "ForkJoinPool.commonPool-worker-9" daemon [_thread_blocked, id=34448, stack(0x00000012d6700000,0x00000012d6800000)]
  0x000001d6da2c8410 JavaThread "ForkJoinPool.commonPool-worker-8" daemon [_thread_blocked, id=39556, stack(0x00000012d6800000,0x00000012d6900000)]
  0x000001d6da2c75a0 JavaThread "ForkJoinPool.commonPool-worker-6" daemon [_thread_blocked, id=38052, stack(0x00000012d6900000,0x00000012d6a00000)]
  0x000001d6da2c6c00 JavaThread "ForkJoinPool.commonPool-worker-10" daemon [_thread_blocked, id=24764, stack(0x00000012d6a00000,0x00000012d6b00000)]
  0x000001d6da2c6260 JavaThread "ForkJoinPool.commonPool-worker-11" daemon [_thread_blocked, id=27568, stack(0x00000012d6c00000,0x00000012d6d00000)]
  0x000001d6da2c8db0 JavaThread "TestNG-tests-1" [_thread_in_native, id=42064, stack(0x00000012d6d00000,0x00000012d6e00000)]
  0x000001d6da2c7a70 JavaThread "Forwarding findElement on session 0e1a0be9-4937-4da3-91e5-3eb0893403dc to remote" [_thread_blocked, id=8640, stack(0x00000012d6e00000,0x00000012d6f00000)]
  0x000001d6da2c88e0 JavaThread "HttpClient-1-SelectorManager" daemon [_thread_in_native, id=34432, stack(0x00000012d7100000,0x00000012d7200000)]
  0x000001d6da2c9280 JavaThread "External Process Output Forwarder - C:\Users\SREEKUTTY K V\.cache\selenium\chromedriver\win64\130.0.6723.69\chromedriver.exe" daemon [_thread_in_native, id=9876, stack(0x00000012d7300000,0x00000012d7400000)]
  0x000001d6da2c9750 JavaThread "Driver Service Executor" daemon [_thread_blocked, id=47956, stack(0x00000012d7400000,0x00000012d7500000)]
  0x000001d6da2c6730 JavaThread "Driver Service Executor" daemon [_thread_blocked, id=24108, stack(0x00000012d7500000,0x00000012d7600000)]
  0x000001d6da2c5d90 JavaThread "UrlChecker-2" daemon [_thread_blocked, id=43496, stack(0x00000012d7600000,0x00000012d7700000)]
  0x000001d6da851440 JavaThread "HttpClient-2-SelectorManager" daemon [_thread_in_native, id=11896, stack(0x00000012d5900000,0x00000012d5a00000)]
  0x000001d6da84e8f0 JavaThread "External Process Output Forwarder - C:\Users\SREEKUTTY K V\.cache\selenium\geckodriver\win64\0.35.0\geckodriver.exe" daemon [_thread_in_native, id=45324, stack(0x00000012d7200000,0x00000012d7300000)]
  0x000001d6da851910 JavaThread "Driver Service Executor" daemon [_thread_blocked, id=40348, stack(0x00000012d7b00000,0x00000012d7c00000)]
  0x000001d6da84c270 JavaThread "Driver Service Executor" daemon [_thread_blocked, id=18864, stack(0x00000012d7c00000,0x00000012d7d00000)]
  0x000001d6da850aa0 JavaThread "HttpClient-3-SelectorManager" daemon [_thread_in_native, id=42568, stack(0x00000012d8000000,0x00000012d8100000)]
  0x000001d6da84d0e0 JavaThread "External Process Output Forwarder - C:\Users\SREEKUTTY K V\.cache\selenium\chromedriver\win64\130.0.6723.69\chromedriver.exe" daemon [_thread_in_native, id=30396, stack(0x00000012d8700000,0x00000012d8800000)]
  0x000001d6da84d5b0 JavaThread "Driver Service Executor" daemon [_thread_blocked, id=33876, stack(0x00000012d8800000,0x00000012d8900000)]
  0x000001d6da84df50 JavaThread "Driver Service Executor" daemon [_thread_blocked, id=4140, stack(0x00000012d8900000,0x00000012d8a00000)]
  0x000001d6da852c50 JavaThread "HttpClient-5-SelectorManager" daemon [_thread_in_native, id=38448, stack(0x00000012d8d00000,0x00000012d8e00000)]
  0x000001d6da0ffc90 JavaThread "External Process Output Forwarder - C:\Users\SREEKUTTY K V\.cache\selenium\chromedriver\win64\130.0.6723.69\chromedriver.exe" daemon [_thread_in_native, id=24636, stack(0x00000012d9200000,0x00000012d9300000)]
  0x000001d6da100160 JavaThread "Driver Service Executor" daemon [_thread_blocked, id=27596, stack(0x00000012d9300000,0x00000012d9400000)]
  0x000001d6da0ff7c0 JavaThread "Driver Service Executor" daemon [_thread_blocked, id=42012, stack(0x00000012d9400000,0x00000012d9500000)]
  0x000001d6da0fc7a0 JavaThread "HttpClient-8-SelectorManager" daemon [_thread_in_native, id=41884, stack(0x00000012d9900000,0x00000012d9a00000)]
  0x000001d6da0fe480 JavaThread "HttpClient-9-SelectorManager" daemon [_thread_in_native, id=17132, stack(0x00000012d9d00000,0x00000012d9e00000)]
  0x000001d6da0f92b0 JavaThread "External Process Output Forwarder - C:\Users\SREEKUTTY K V\.cache\selenium\geckodriver\win64\0.35.0\geckodriver.exe" daemon [_thread_in_native, id=42880, stack(0x00000012d9e00000,0x00000012d9f00000)]
  0x000001d6da0fd140 JavaThread "Driver Service Executor" daemon [_thread_blocked, id=38340, stack(0x00000012d9f00000,0x00000012da000000)]
  0x000001d6da0fd610 JavaThread "Driver Service Executor" daemon [_thread_blocked, id=47700, stack(0x00000012da000000,0x00000012da100000)]
  0x000001d6da0f9c50 JavaThread "HttpClient-10-SelectorManager" daemon [_thread_in_native, id=24176, stack(0x00000012da100000,0x00000012da200000)]
  0x000001d6da0fe950 JavaThread "External Process Output Forwarder - C:\Users\SREEKUTTY K V\.cache\selenium\chromedriver\win64\130.0.6723.69\chromedriver.exe" daemon [_thread_in_native, id=24276, stack(0x00000012da400000,0x00000012da500000)]
  0x000001d6da0fdae0 JavaThread "Driver Service Executor" daemon [_thread_blocked, id=26288, stack(0x00000012da500000,0x00000012da600000)]
  0x000001d6da0ff2f0 JavaThread "Driver Service Executor" daemon [_thread_blocked, id=40184, stack(0x00000012da600000,0x00000012da700000)]
  0x000001d6da0fb930 JavaThread "HttpClient-11-SelectorManager" daemon [_thread_in_native, id=36724, stack(0x00000012da900000,0x00000012daa00000)]
  0x000001d6dbcd68f0 JavaThread "External Process Output Forwarder - C:\Users\SREEKUTTY K V\.cache\selenium\chromedriver\win64\130.0.6723.69\chromedriver.exe" daemon [_thread_in_native, id=460, stack(0x00000012d8600000,0x00000012d8700000)]
  0x000001d6dbcd7c30 JavaThread "Driver Service Executor" daemon [_thread_blocked, id=27804, stack(0x00000012d9100000,0x00000012d9200000)]
  0x000001d6dbcd85d0 JavaThread "Driver Service Executor" daemon [_thread_blocked, id=7648, stack(0x00000012d9500000,0x00000012d9600000)]
  0x000001d6dbcd6420 JavaThread "HttpClient-14-SelectorManager" daemon [_thread_in_native, id=35704, stack(0x00000012db200000,0x00000012db300000)]
  0x000001d6dbcdbac0 JavaThread "External Process Output Forwarder - C:\Users\SREEKUTTY K V\.cache\selenium\chromedriver\win64\130.0.6723.69\chromedriver.exe" daemon [_thread_in_native, id=6092, stack(0x00000012dbb00000,0x00000012dbc00000)]
  0x000001d6dbcd7290 JavaThread "Driver Service Executor" daemon [_thread_blocked, id=44176, stack(0x00000012dbc00000,0x00000012dbd00000)]
  0x000001d6dbcd8f70 JavaThread "Driver Service Executor" daemon [_thread_blocked, id=40340, stack(0x00000012dbd00000,0x00000012dbe00000)]
  0x000001d6dbcd9de0 JavaThread "External Process Output Forwarder - C:\Users\SREEKUTTY K V\.cache\selenium\geckodriver\win64\0.35.0\geckodriver.exe" daemon [_thread_in_native, id=29644, stack(0x00000012dbe00000,0x00000012dbf00000)]
  0x000001d6dbcda780 JavaThread "Driver Service Executor" daemon [_thread_blocked, id=31888, stack(0x00000012dbf00000,0x00000012dc000000)]
  0x000001d6dbcdc460 JavaThread "Driver Service Executor" daemon [_thread_blocked, id=22120, stack(0x00000012dc000000,0x00000012dc100000)]
  0x000001d6da2c7f40 JavaThread "HttpClient-17-SelectorManager" daemon [_thread_in_native, id=36472, stack(0x00000012dc500000,0x00000012dc600000)]
  0x000001d6d9a8b7e0 JavaThread "External Process Output Forwarder - C:\Users\SREEKUTTY K V\.cache\selenium\chromedriver\win64\130.0.6723.69\chromedriver.exe" daemon [_thread_in_native, id=41816, stack(0x00000012dca00000,0x00000012dcb00000)]
  0x000001d6d9a8e800 JavaThread "Driver Service Executor" daemon [_thread_blocked, id=43388, stack(0x00000012dcb00000,0x00000012dcc00000)]
  0x000001d6d9a8a4a0 JavaThread "Driver Service Executor" daemon [_thread_blocked, id=37908, stack(0x00000012dcc00000,0x00000012dcd00000)]
  0x000001d6d9a87480 JavaThread "HttpClient-19-SelectorManager" daemon [_thread_in_native, id=23844, stack(0x00000012dd000000,0x00000012dd100000)]
  0x000001d6d9a89b00 JavaThread "External Process Output Forwarder - C:\Users\SREEKUTTY K V\.cache\selenium\chromedriver\win64\130.0.6723.69\chromedriver.exe" daemon [_thread_in_native, id=32888, stack(0x00000012dd800000,0x00000012dd900000)]
  0x000001d6d9a8d4c0 JavaThread "Driver Service Executor" daemon [_thread_blocked, id=30600, stack(0x00000012dd900000,0x00000012dda00000)]
  0x000001d6d9a8b310 JavaThread "Driver Service Executor" daemon [_thread_blocked, id=23516, stack(0x00000012dda00000,0x00000012ddb00000)]
  0x000001d6d9a8d990 JavaThread "HttpClient-22-SelectorManager" daemon [_thread_in_native, id=38164, stack(0x00000012dde00000,0x00000012ddf00000)]
  0x000001d6d9e11520 JavaThread "External Process Output Forwarder - C:\Users\SREEKUTTY K V\.cache\selenium\geckodriver\win64\0.35.0\geckodriver.exe" daemon [_thread_in_native, id=17356, stack(0x00000012de200000,0x00000012de300000)]
  0x000001d6d9e0ccf0 JavaThread "Driver Service Executor" daemon [_thread_blocked, id=44192, stack(0x00000012de300000,0x00000012de400000)]
  0x000001d6d9e0e030 JavaThread "Driver Service Executor" daemon [_thread_blocked, id=35880, stack(0x00000012de400000,0x00000012de500000)]
  0x000001d6d9e0c820 JavaThread "External Process Output Forwarder - C:\Users\SREEKUTTY K V\.cache\selenium\chromedriver\win64\130.0.6723.69\chromedriver.exe" daemon [_thread_in_native, id=23480, stack(0x00000012de700000,0x00000012de800000)]
  0x000001d6d9e13200 JavaThread "Driver Service Executor" daemon [_thread_blocked, id=35056, stack(0x00000012de800000,0x00000012de900000)]
  0x000001d6d9e119f0 JavaThread "Driver Service Executor" daemon [_thread_blocked, id=32756, stack(0x00000012de900000,0x00000012dea00000)]
  0x000001d6d9e11050 JavaThread "HttpClient-25-SelectorManager" daemon [_thread_in_native, id=29672, stack(0x00000012ded00000,0x00000012dee00000)]
  0x000001d6d9e12860 JavaThread "External Process Output Forwarder - C:\Users\SREEKUTTY K V\.cache\selenium\chromedriver\win64\130.0.6723.69\chromedriver.exe" daemon [_thread_in_native, id=22776, stack(0x00000012db100000,0x00000012db200000)]
  0x000001d6d9e11ec0 JavaThread "Driver Service Executor" daemon [_thread_blocked, id=41284, stack(0x00000012db900000,0x00000012dba00000)]
  0x000001d6d9e0fd10 JavaThread "Driver Service Executor" daemon [_thread_blocked, id=45888, stack(0x00000012df200000,0x00000012df300000)]
  0x000001d6d9a8bcb0 JavaThread "HttpClient-28-SelectorManager" daemon [_thread_in_native, id=44004, stack(0x00000012df700000,0x00000012df800000)]
  0x000001d6d95ee4e0 JavaThread "External Process Output Forwarder - C:\Users\SREEKUTTY K V\.cache\selenium\geckodriver\win64\0.35.0\geckodriver.exe" daemon [_thread_in_native, id=21544, stack(0x00000012dfd00000,0x00000012dfe00000)]
  0x000001d6d95f01c0 JavaThread "Driver Service Executor" daemon [_thread_blocked, id=23304, stack(0x00000012dfe00000,0x00000012dff00000)]
  0x000001d6d95f0690 JavaThread "Driver Service Executor" daemon [_thread_blocked, id=12820, stack(0x00000012dff00000,0x00000012e0000000)]
  0x000001d6d95f4050 JavaThread "External Process Output Forwarder - C:\Users\SREEKUTTY K V\.cache\selenium\chromedriver\win64\130.0.6723.69\chromedriver.exe" daemon [_thread_in_native, id=44160, stack(0x00000012e0400000,0x00000012e0500000)]
  0x000001d6d95ef820 JavaThread "Driver Service Executor" daemon [_thread_blocked, id=29944, stack(0x00000012e0500000,0x00000012e0600000)]
  0x000001d6d95f2840 JavaThread "Driver Service Executor" daemon [_thread_blocked, id=2164, stack(0x00000012e0600000,0x00000012e0700000)]
  0x000001d6d95f49f0 JavaThread "HttpClient-32-SelectorManager" daemon [_thread_in_native, id=10056, stack(0x00000012e0a00000,0x00000012e0b00000)]
  0x000001d6d95f4ec0 JavaThread "HttpClient-33-SelectorManager" daemon [_thread_in_native, id=21672, stack(0x00000012e0f00000,0x00000012e1000000)]
  0x000001d6d95f5860 JavaThread "External Process Output Forwarder - C:\Users\SREEKUTTY K V\.cache\selenium\geckodriver\win64\0.35.0\geckodriver.exe" daemon [_thread_in_native, id=44608, stack(0x00000012e1000000,0x00000012e1100000)]
  0x000001d6d95ee9b0 JavaThread "Driver Service Executor" daemon [_thread_blocked, id=25040, stack(0x00000012e1100000,0x00000012e1200000)]
  0x000001d6d95f19d0 JavaThread "Driver Service Executor" daemon [_thread_blocked, id=41256, stack(0x00000012e1200000,0x00000012e1300000)]
  0x000001d6d9e0d690 JavaThread "HttpClient-34-SelectorManager" daemon [_thread_in_native, id=48900, stack(0x00000012e1500000,0x00000012e1600000)]
  0x000001d6daef0580 JavaThread "External Process Output Forwarder - C:\Users\SREEKUTTY K V\.cache\selenium\chromedriver\win64\130.0.6723.69\chromedriver.exe" daemon [_thread_in_native, id=31032, stack(0x00000012e1600000,0x00000012e1700000)]
  0x000001d6daef0f20 JavaThread "Driver Service Executor" daemon [_thread_blocked, id=46424, stack(0x00000012e1700000,0x00000012e1800000)]
  0x000001d6daef1d90 JavaThread "Driver Service Executor" daemon [_thread_blocked, id=21304, stack(0x00000012e1800000,0x00000012e1900000)]
  0x000001d6daef2730 JavaThread "HttpClient-35-SelectorManager" daemon [_thread_in_native, id=8572, stack(0x00000012e0700000,0x00000012e0800000)]
  0x000001d6dadb0ee0 JavaThread "HttpClient-37-SelectorManager" daemon [_thread_in_native, id=18412, stack(0x00000012e1f00000,0x00000012e2000000)]
  0x000001d6dadae860 JavaThread "External Process Output Forwarder - C:\Users\SREEKUTTY K V\.cache\selenium\chromedriver\win64\130.0.6723.69\chromedriver.exe" daemon [_thread_in_native, id=31436, stack(0x00000012e2100000,0x00000012e2200000)]
  0x000001d6dadb13b0 JavaThread "Driver Service Executor" daemon [_thread_blocked, id=39676, stack(0x00000012e2200000,0x00000012e2300000)]
  0x000001d6dadaf6d0 JavaThread "Driver Service Executor" daemon [_thread_blocked, id=6244, stack(0x00000012e2400000,0x00000012e2500000)]
  0x000001d6dadb2220 JavaThread "HttpClient-38-SelectorManager" daemon [_thread_in_native, id=43920, stack(0x00000012e2900000,0x00000012e2a00000)]
  0x000001d6d95f4520 JavaThread "HttpClient-39-SelectorManager" daemon [_thread_in_native, id=46076, stack(0x00000012d6b00000,0x00000012d6c00000)]
  0x000001d6d95ef350 JavaThread "External Process Output Forwarder - C:\Users\SREEKUTTY K V\.cache\selenium\geckodriver\win64\0.35.0\geckodriver.exe" daemon [_thread_in_native, id=9692, stack(0x00000012dba00000,0x00000012dbb00000)]
  0x000001d6d9e136d0 JavaThread "Driver Service Executor" daemon [_thread_blocked, id=44504, stack(0x00000012dcd00000,0x00000012dce00000)]
  0x000001d6d9e0d1c0 JavaThread "Driver Service Executor" daemon [_thread_blocked, id=28036, stack(0x00000012dd500000,0x00000012dd600000)]
  0x000001d6daef3f40 JavaThread "External Process Output Forwarder - C:\Users\SREEKUTTY K V\.cache\selenium\chromedriver\win64\130.0.6723.69\chromedriver.exe" daemon [_thread_in_native, id=37544, stack(0x00000012d4300000,0x00000012d4400000)]
  0x000001d6daef0a50 JavaThread "Driver Service Executor" daemon [_thread_blocked, id=19620, stack(0x00000012d4400000,0x00000012d4500000)]
  0x000001d6d9a89630 JavaThread "Driver Service Executor" daemon [_thread_blocked, id=22172, stack(0x00000012df500000,0x00000012df600000)]
  0x000001d6da64f3e0 JavaThread "HttpClient-41-SelectorManager" daemon [_thread_in_native, id=40548, stack(0x00000012e2500000,0x00000012e2600000)]
  0x000001d6da6510c0 JavaThread "External Process Output Forwarder - C:\Users\SREEKUTTY K V\.cache\selenium\chromedriver\win64\130.0.6723.69\chromedriver.exe" daemon [_thread_in_native, id=2932, stack(0x00000012d8200000,0x00000012d8300000)]
  0x000001d6da64cd60 JavaThread "Driver Service Executor" daemon [_thread_blocked, id=31288, stack(0x00000012d8300000,0x00000012d8400000)]
  0x000001d6da64c890 JavaThread "Driver Service Executor" daemon [_thread_blocked, id=23188, stack(0x00000012d8a00000,0x00000012d8b00000)]
  0x000001d6da6528d0 JavaThread "HttpClient-45-SelectorManager" daemon [_thread_in_native, id=47316, stack(0x00000012d7e00000,0x00000012d7f00000)]
  0x000001d6da651590 JavaThread "External Process Output Forwarder - C:\Users\SREEKUTTY K V\.cache\selenium\geckodriver\win64\0.35.0\geckodriver.exe" daemon [_thread_in_native, id=28292, stack(0x00000012d9a00000,0x00000012d9b00000)]
  0x000001d6da64d700 JavaThread "Driver Service Executor" daemon [_thread_blocked, id=27376, stack(0x00000012d9b00000,0x00000012d9c00000)]
  0x000001d6da651f30 JavaThread "Driver Service Executor" daemon [_thread_blocked, id=39388, stack(0x00000012d9c00000,0x00000012d9d00000)]
  0x000001d6da650720 JavaThread "External Process Output Forwarder - C:\Users\SREEKUTTY K V\.cache\selenium\chromedriver\win64\130.0.6723.69\chromedriver.exe" daemon [_thread_in_native, id=20724, stack(0x00000012d9600000,0x00000012d9700000)]
  0x000001d6da84da80 JavaThread "Driver Service Executor" daemon [_thread_blocked, id=32880, stack(0x00000012d9700000,0x00000012d9800000)]
  0x000001d6da851de0 JavaThread "Driver Service Executor" daemon [_thread_blocked, id=45772, stack(0x00000012d9800000,0x00000012d9900000)]
  0x000001d6da84edc0 JavaThread "HttpClient-48-SelectorManager" daemon [_thread_in_native, id=21100, stack(0x00000012da300000,0x00000012da400000)]
  0x000001d6da84fc30 JavaThread "External Process Output Forwarder - C:\Users\SREEKUTTY K V\.cache\selenium\geckodriver\win64\0.35.0\geckodriver.exe" daemon [_thread_in_native, id=46428, stack(0x00000012d7800000,0x00000012d7900000)]
  0x000001d6da850100 JavaThread "Driver Service Executor" daemon [_thread_blocked, id=48636, stack(0x00000012da200000,0x00000012da300000)]
  0x000001d6da8505d0 JavaThread "Driver Service Executor" daemon [_thread_blocked, id=38792, stack(0x00000012da700000,0x00000012da800000)]
  0x000001d6d9a8e330 JavaThread "External Process Output Forwarder - C:\Users\SREEKUTTY K V\.cache\selenium\geckodriver\win64\0.35.0\geckodriver.exe" daemon [_thread_in_native, id=49884, stack(0x00000012db700000,0x00000012db800000)]
  0x000001d6d9a8c180 JavaThread "Driver Service Executor" daemon [_thread_blocked, id=49888, stack(0x00000012db800000,0x00000012db900000)]
  0x000001d6d9a87e20 JavaThread "Driver Service Executor" daemon [_thread_blocked, id=49892, stack(0x00000012dc100000,0x00000012dc200000)]
  0x000001d6d9a87950 JavaThread "External Process Output Forwarder - C:\Users\SREEKUTTY K V\.cache\selenium\chromedriver\win64\130.0.6723.69\chromedriver.exe" daemon [_thread_in_native, id=51136, stack(0x00000012dc800000,0x00000012dc900000)]
  0x000001d6d9a8c650 JavaThread "Driver Service Executor" daemon [_thread_blocked, id=49232, stack(0x00000012dc900000,0x00000012dca00000)]
  0x000001d6d9a8ae40 JavaThread "Driver Service Executor" daemon [_thread_blocked, id=6600, stack(0x00000012dce00000,0x00000012dcf00000)]
  0x000001d6dbcd9910 JavaThread "HttpClient-54-SelectorManager" daemon [_thread_in_native, id=23956, stack(0x00000012dd300000,0x00000012dd400000)]
  0x000001d6dbcdb5f0 JavaThread "External Process Output Forwarder - C:\Users\SREEKUTTY K V\.cache\selenium\geckodriver\win64\0.35.0\geckodriver.exe" daemon [_thread_in_native, id=51056, stack(0x00000012ddd00000,0x00000012dde00000)]
  0x000001d6dbcdc930 JavaThread "Driver Service Executor" daemon [_thread_blocked, id=4676, stack(0x00000012ddf00000,0x00000012de000000)]
  0x000001d6dbcdce00 JavaThread "Driver Service Executor" daemon [_thread_blocked, id=42600, stack(0x00000012de000000,0x00000012de100000)]
  0x000001d6dbcd7760 JavaThread "External Process Output Forwarder - C:\Users\SREEKUTTY K V\.cache\selenium\geckodriver\win64\0.35.0\geckodriver.exe" daemon [_thread_in_native, id=52140, stack(0x00000012d8f00000,0x00000012d9000000)]
  0x000001d6dbcd8100 JavaThread "Driver Service Executor" daemon [_thread_blocked, id=51076, stack(0x00000012de100000,0x00000012de200000)]
  0x000001d6da100b00 JavaThread "Driver Service Executor" daemon [_thread_blocked, id=51792, stack(0x00000012dea00000,0x00000012deb00000)]
  0x000001d6da0fdfb0 JavaThread "JdkHttpClient-56-0" daemon [_thread_blocked, id=52072, stack(0x00000012deb00000,0x00000012dec00000)]
  0x000001d6da0fa120 JavaThread "JdkHttpClient-56-1" daemon [_thread_blocked, id=52068, stack(0x00000012dec00000,0x00000012ded00000)]
  0x000001d6da0fbe00 JavaThread "JdkHttpClient-56-2" daemon [_thread_blocked, id=51996, stack(0x00000012dee00000,0x00000012def00000)]
  0x000001d6da100630 JavaThread "External Process Output Forwarder - C:\Users\SREEKUTTY K V\.cache\selenium\chromedriver\win64\130.0.6723.69\chromedriver.exe" daemon [_thread_in_native, id=52644, stack(0x00000012d8e00000,0x00000012d8f00000)]
  0x000001d6da0f9780 JavaThread "Driver Service Executor" daemon [_thread_blocked, id=52648, stack(0x00000012d9000000,0x00000012d9100000)]
  0x000001d6da0fa5f0 JavaThread "Driver Service Executor" daemon [_thread_blocked, id=52652, stack(0x00000012dae00000,0x00000012daf00000)]
  0x000001d6da0fb460 JavaThread "JdkHttpClient-57-0" daemon [_thread_blocked, id=52860, stack(0x00000012def00000,0x00000012df000000)]
  0x000001d6da0faac0 JavaThread "JdkHttpClient-57-1" daemon [_thread_blocked, id=52864, stack(0x00000012df000000,0x00000012df100000)]
  0x000001d6da0fc2d0 JavaThread "HttpClient-59-SelectorManager" daemon [_thread_in_native, id=34280, stack(0x00000012dac00000,0x00000012dad00000)]
  0x000001d6da0fcc70 JavaThread "JdkHttpClient-58-0" daemon [_thread_blocked, id=52280, stack(0x00000012dad00000,0x00000012dae00000)]
  0x000001d6d9e13ba0 JavaThread "JdkHttpClient-58-1" daemon [_thread_blocked, id=52288, stack(0x00000012df100000,0x00000012df200000)]
  0x000001d6d9e12390 JavaThread "JdkHttpClient-58-2" daemon [_thread_blocked, id=52060, stack(0x00000012df300000,0x00000012df400000)]
  0x000001d6d9e0f370 JavaThread "JdkHttpClient-57-2" daemon [_thread_blocked, id=53868, stack(0x00000012dd600000,0x00000012dd700000)]
  0x000001d6d9e12d30 JavaThread "HttpClient-61-SelectorManager" daemon [_thread_in_native, id=24828, stack(0x00000012d4200000,0x00000012d4300000)]
  0x000001d6d9e0f840 JavaThread "External Process Output Forwarder - C:\Users\SREEKUTTY K V\.cache\selenium\geckodriver\win64\0.35.0\geckodriver.exe" daemon [_thread_in_native, id=53468, stack(0x00000012d7900000,0x00000012d7a00000)]
  0x000001d6d9e0e9d0 JavaThread "Driver Service Executor" daemon [_thread_blocked, id=53464, stack(0x00000012d7a00000,0x00000012d7b00000)]
  0x000001d6d9e101e0 JavaThread "Driver Service Executor" daemon [_thread_blocked, id=53480, stack(0x00000012d7d00000,0x00000012d7e00000)]
  0x000001d6d9e0c350 JavaThread "JdkHttpClient-60-0" daemon [_thread_blocked, id=51600, stack(0x00000012d8b00000,0x00000012d8c00000)]
  0x000001d6d9e0e500 JavaThread "JdkHttpClient-60-1" daemon [_thread_blocked, id=52912, stack(0x00000012dab00000,0x00000012dac00000)]
  0x000001d6d9e0eea0 JavaThread "JdkHttpClient-60-2" daemon [_thread_blocked, id=20904, stack(0x00000012db000000,0x00000012db100000)]
  0x000001d6d9e106b0 JavaThread "HttpClient-63-SelectorManager" daemon [_thread_in_native, id=55188, stack(0x00000012db300000,0x00000012db400000)]
  0x000001d6d9e10b80 JavaThread "External Process Output Forwarder - C:\Users\SREEKUTTY K V\.cache\selenium\geckodriver\win64\0.35.0\geckodriver.exe" daemon [_thread_in_native, id=55200, stack(0x00000012db400000,0x00000012db500000)]
  0x000001d6da652da0 JavaThread "Driver Service Executor" daemon [_thread_blocked, id=55204, stack(0x00000012db500000,0x00000012db600000)]
  0x000001d6da64f8b0 JavaThread "Driver Service Executor" daemon [_thread_blocked, id=55208, stack(0x00000012db600000,0x00000012db700000)]
  0x000001d6da650bf0 JavaThread "JdkHttpClient-62-0" daemon [_thread_blocked, id=55284, stack(0x00000012dc400000,0x00000012dc500000)]
  0x000001d6da651a60 JavaThread "JdkHttpClient-62-1" daemon [_thread_blocked, id=55288, stack(0x00000012df400000,0x00000012df500000)]
  0x000001d6da64dbd0 JavaThread "JdkHttpClient-62-2" daemon [_thread_blocked, id=34020, stack(0x00000012df800000,0x00000012df900000)]
  0x000001d6da64ea40 JavaThread "HttpClient-65-SelectorManager" daemon [_thread_in_native, id=56064, stack(0x00000012da800000,0x00000012da900000)]
  0x000001d6da64d230 JavaThread "External Process Output Forwarder - C:\Users\SREEKUTTY K V\.cache\selenium\geckodriver\win64\0.35.0\geckodriver.exe" daemon [_thread_in_native, id=55924, stack(0x00000012dd400000,0x00000012dd500000)]
  0x000001d6da652400 JavaThread "Driver Service Executor" daemon [_thread_blocked, id=56120, stack(0x00000012dd700000,0x00000012dd800000)]
  0x000001d6da653270 JavaThread "Driver Service Executor" daemon [_thread_blocked, id=56132, stack(0x00000012ddb00000,0x00000012ddc00000)]
  0x000001d6da653740 JavaThread "JdkHttpClient-64-0" daemon [_thread_blocked, id=55372, stack(0x00000012df900000,0x00000012dfa00000)]
  0x000001d6da64bef0 JavaThread "JdkHttpClient-64-1" daemon [_thread_blocked, id=56224, stack(0x00000012dfa00000,0x00000012dfb00000)]
  0x000001d6da64e0a0 JavaThread "HttpClient-66-SelectorManager" daemon [_thread_in_native, id=55892, stack(0x00000012daa00000,0x00000012dab00000)]
  0x000001d6da650250 JavaThread "External Process Output Forwarder - C:\Users\SREEKUTTY K V\.cache\selenium\chromedriver\win64\130.0.6723.69\chromedriver.exe" daemon [_thread_in_native, id=37132, stack(0x00000012dfb00000,0x00000012dfc00000)]
  0x000001d6da64c3c0 JavaThread "Driver Service Executor" daemon [_thread_blocked, id=15576, stack(0x00000012dfc00000,0x00000012dfd00000)]
  0x000001d6da64fd80 JavaThread "Driver Service Executor" daemon [_thread_blocked, id=55140, stack(0x00000012e0000000,0x00000012e0100000)]
  0x000001d6d95f5390 JavaThread "JdkHttpClient-65-0" daemon [_thread_blocked, id=55216, stack(0x00000012e0200000,0x00000012e0300000)]
  0x000001d6d95f31e0 JavaThread "JdkHttpClient-65-1" daemon [_thread_blocked, id=55520, stack(0x00000012e0300000,0x00000012e0400000)]
  0x000001d6d95f36b0 JavaThread "HttpClient-67-SelectorManager" daemon [_thread_in_native, id=55944, stack(0x00000012e0800000,0x00000012e0900000)]
  0x000001d6d95f2d10 JavaThread "JdkHttpClient-66-0" daemon [_thread_blocked, id=51544, stack(0x00000012e0900000,0x00000012e0a00000)]
  0x000001d6d95f3b80 JavaThread "JdkHttpClient-66-1" daemon [_thread_blocked, id=32792, stack(0x00000012e0b00000,0x00000012e0c00000)]
  0x000001d6d95ee010 JavaThread "JdkHttpClient-66-2" daemon [_thread_blocked, id=35020, stack(0x00000012e0c00000,0x00000012e0d00000)]
  0x000001d6d95efcf0 JavaThread "JdkHttpClient-65-2" daemon [_thread_blocked, id=54832, stack(0x00000012e0d00000,0x00000012e0e00000)]
  0x000001d6d95f1030 JavaThread "JdkHttpClient-64-2" daemon [_thread_blocked, id=57112, stack(0x00000012e0100000,0x00000012e0200000)]
  0x000001d6d95f0b60 JavaThread "HttpClient-69-SelectorManager" daemon [_thread_in_native, id=55964, stack(0x00000012d8100000,0x00000012d8200000)]
  0x000001d6d95f1500 JavaThread "External Process Output Forwarder - C:\Users\SREEKUTTY K V\.cache\selenium\chromedriver\win64\130.0.6723.69\chromedriver.exe" daemon [_thread_in_native, id=56824, stack(0x00000012dd200000,0x00000012dd300000)]
  0x000001d6d95f1ea0 JavaThread "Driver Service Executor" daemon [_thread_blocked, id=56872, stack(0x00000012ddc00000,0x00000012ddd00000)]
  0x000001d6d95f2370 JavaThread "Driver Service Executor" daemon [_thread_in_native, id=56888, stack(0x00000012df600000,0x00000012df700000)]
  0x000001d6da84f290 JavaThread "JdkHttpClient-68-0" daemon [_thread_blocked, id=56324, stack(0x00000012dc700000,0x00000012dc800000)]
  0x000001d6da8522b0 JavaThread "JdkHttpClient-68-1" daemon [_thread_blocked, id=57208, stack(0x00000012e0e00000,0x00000012e0f00000)]
  0x000001d6da850f70 JavaThread "HttpClient-70-SelectorManager" daemon [_thread_in_native, id=57808, stack(0x00000012e1300000,0x00000012e1400000)]
  0x000001d6da852780 JavaThread "JdkHttpClient-69-0" daemon [_thread_blocked, id=57816, stack(0x00000012e1400000,0x00000012e1500000)]
  0x000001d6da853120 JavaThread "JdkHttpClient-69-1" daemon [_thread_blocked, id=57820, stack(0x00000012e1900000,0x00000012e1a00000)]
  0x000001d6da84b8d0 JavaThread "JdkHttpClient-69-2" daemon [_thread_blocked, id=57824, stack(0x00000012e1a00000,0x00000012e1b00000)]
  0x000001d6da84bda0 JavaThread "JdkHttpClient-68-2" daemon [_thread_blocked, id=46324, stack(0x00000012dc200000,0x00000012dc300000)]
  0x000001d6da84cc10 JavaThread "HttpClient-71-SelectorManager" daemon [_thread_in_native, id=24184, stack(0x00000012d8c00000,0x00000012d8d00000)]
  0x000001d6da84f760 JavaThread "External Process Output Forwarder - C:\Users\SREEKUTTY K V\.cache\selenium\geckodriver\win64\0.35.0\geckodriver.exe" daemon [_thread_in_native, id=54120, stack(0x00000012dc300000,0x00000012dc400000)]
  0x000001d6d9a8cff0 JavaThread "Driver Service Executor" daemon [_thread_blocked, id=56680, stack(0x00000012dc600000,0x00000012dc700000)]
  0x000001d6d9a887c0 JavaThread "Driver Service Executor" daemon [_thread_in_native, id=56684, stack(0x00000012e1b00000,0x00000012e1c00000)]
  0x000001d6d9a8de60 JavaThread "JdkHttpClient-70-0" daemon [_thread_blocked, id=53436, stack(0x00000012e1c00000,0x00000012e1d00000)]
  0x000001d6d9a89fd0 JavaThread "JdkHttpClient-70-1" daemon [_thread_blocked, id=45748, stack(0x00000012e1d00000,0x00000012e1e00000)]
  0x000001d6d9a8ecd0 JavaThread "HttpClient-72-SelectorManager" daemon [_thread_in_native, id=55272, stack(0x00000012daf00000,0x00000012db000000)]
  0x000001d6d9a882f0 JavaThread "External Process Output Forwarder - C:\Users\SREEKUTTY K V\.cache\selenium\chromedriver\win64\130.0.6723.69\chromedriver.exe" daemon [_thread_in_native, id=29464, stack(0x00000012e1e00000,0x00000012e1f00000)]
  0x000001d6d9a8a970 JavaThread "Driver Service Executor" daemon [_thread_blocked, id=10440, stack(0x00000012e2000000,0x00000012e2100000)]
  0x000001d6d9a88c90 JavaThread "Driver Service Executor" daemon [_thread_in_native, id=9700, stack(0x00000012e2300000,0x00000012e2400000)]
  0x000001d6dadb1880 JavaThread "JdkHttpClient-71-0" daemon [_thread_blocked, id=10624, stack(0x00000012e2700000,0x00000012e2800000)]
  0x000001d6dadaf200 JavaThread "JdkHttpClient-71-1" daemon [_thread_blocked, id=32784, stack(0x00000012e2800000,0x00000012e2900000)]
  0x000001d6dadafba0 JavaThread "HttpClient-73-SelectorManager" daemon [_thread_in_native, id=59180, stack(0x00000012e2a00000,0x00000012e2b00000)]
  0x000001d6dadb0070 JavaThread "JdkHttpClient-72-0" daemon [_thread_blocked, id=59184, stack(0x00000012e2b00000,0x00000012e2c00000)]
  0x000001d6dadb0540 JavaThread "JdkHttpClient-72-1" daemon [_thread_blocked, id=59188, stack(0x00000012e2c00000,0x00000012e2d00000)]
  0x000001d6dadb0a10 JavaThread "JdkHttpClient-72-2" daemon [_thread_blocked, id=59192, stack(0x00000012e2d00000,0x00000012e2e00000)]
  0x000001d6dadaed30 JavaThread "JdkHttpClient-71-2" daemon [_thread_blocked, id=59208, stack(0x00000012e2e00000,0x00000012e2f00000)]
  0x000001d6dadb1d50 JavaThread "HttpClient-74-SelectorManager" daemon [_thread_in_native, id=28880, stack(0x00000012d7f00000,0x00000012d8000000)]
  0x000001d6dbcdd2d0 JavaThread "JdkHttpClient-70-2" daemon [_thread_blocked, id=58860, stack(0x00000012dcf00000,0x00000012dd000000)]
  0x000001d6dbcdd7a0 JavaThread "External Process Output Forwarder - C:\Users\SREEKUTTY K V\.cache\selenium\manager\0.4.25\selenium-manager.exe" daemon [_thread_in_native, id=46532, stack(0x00000012dd100000,0x00000012dd200000)]

Other Threads:
  0x000001d6d88024c0 VMThread "VM Thread" [stack: 0x00000012d4b00000,0x00000012d4c00000] [id=29808]
  0x000001d6d880f030 WatcherThread [stack: 0x00000012d5600000,0x00000012d5700000] [id=34300]
  0x000001d6ba87f730 GCTaskThread "GC Thread#0" [stack: 0x00000012d4600000,0x00000012d4700000] [id=36676]
  0x000001d6da5f62c0 GCTaskThread "GC Thread#1" [stack: 0x00000012d5a00000,0x00000012d5b00000] [id=45884]
  0x000001d6da5f7330 GCTaskThread "GC Thread#2" [stack: 0x00000012d5b00000,0x00000012d5c00000] [id=46052]
  0x000001d6da21e0a0 GCTaskThread "GC Thread#3" [stack: 0x00000012d5c00000,0x00000012d5d00000] [id=43024]
  0x000001d6d9c42480 GCTaskThread "GC Thread#4" [stack: 0x00000012d5d00000,0x00000012d5e00000] [id=31132]
  0x000001d6da180230 GCTaskThread "GC Thread#5" [stack: 0x00000012d5e00000,0x00000012d5f00000] [id=45952]
  0x000001d6da1804e0 GCTaskThread "GC Thread#6" [stack: 0x00000012d5f00000,0x00000012d6000000] [id=28228]
  0x000001d6d9f3e590 GCTaskThread "GC Thread#7" [stack: 0x00000012d6000000,0x00000012d6100000] [id=33144]
  0x000001d6daeb8370 GCTaskThread "GC Thread#8" [stack: 0x00000012d6f00000,0x00000012d7000000] [id=17220]
  0x000001d6da7dfcc0 GCTaskThread "GC Thread#9" [stack: 0x00000012d7000000,0x00000012d7100000] [id=35280]
  0x000001d6ba890200 ConcurrentGCThread "G1 Main Marker" [stack: 0x00000012d4700000,0x00000012d4800000] [id=47452]
  0x000001d6ba891c20 ConcurrentGCThread "G1 Conc#0" [stack: 0x00000012d4800000,0x00000012d4900000] [id=29896]
  0x000001d6d9f64f70 ConcurrentGCThread "G1 Conc#1" [stack: 0x00000012d8400000,0x00000012d8500000] [id=31584]
  0x000001d6d9f65220 ConcurrentGCThread "G1 Conc#2" [stack: 0x00000012d8500000,0x00000012d8600000] [id=2900]
  0x000001d6ba8ee4f0 ConcurrentGCThread "G1 Refine#0" [stack: 0x00000012d4900000,0x00000012d4a00000] [id=34192]
  0x000001d6d86c2110 ConcurrentGCThread "G1 Service" [stack: 0x00000012d4a00000,0x00000012d4b00000] [id=11396]

Threads with active compile tasks:
C2 CompilerThread0   198448 6761       4       com.sun.org.apache.xerces.internal.impl.XMLNSDocumentScannerImpl::scanStartElement (1031 bytes)

VM state: not at safepoint (normal execution)

VM Mutex/Monitor currently owned by a thread: None

Heap address: 0x000000008a400000, size: 1884 MB, Compressed Oops mode: 32-bit

CDS archive(s) mapped at: [0x0000000800000000-0x0000000800bd0000-0x0000000800bd0000), size 12386304, SharedBaseAddress: 0x0000000800000000, ArchiveRelocationMode: 0.
Compressed class space mapped at: 0x0000000800c00000-0x0000000840c00000, reserved size: 1073741824
Narrow klass base: 0x0000000800000000, Narrow klass shift: 0, Narrow klass range: 0x100000000

GC Precious Log:
 CPUs: 12 total, 12 available
 Memory: 7528M
 Large Page Support: Disabled
 NUMA Support: Disabled
 Compressed Oops: Enabled (32-bit)
 Heap Region Size: 1M
 Heap Min Capacity: 8M
 Heap Initial Capacity: 118M
 Heap Max Capacity: 1884M
 Pre-touch: Disabled
 Parallel Workers: 10
 Concurrent Workers: 3
 Concurrent Refinement Workers: 10
 Periodic GC: Disabled

Heap:
 garbage-first heap   total 63488K, used 44124K [0x000000008a400000, 0x0000000100000000)
  region size 1024K, 26 young (26624K), 3 survivors (3072K)
 Metaspace       used 33692K, committed 34176K, reserved 1081344K
  class space    used 3954K, committed 4160K, reserved 1048576K

Heap Regions: E=young(eden), S=young(survivor), O=old, HS=humongous(starts), HC=humongous(continues), CS=collection set, F=free, OA=open archive, CA=closed archive, TAMS=top-at-mark-start (previous, next)
|   0|0x000000008a400000, 0x000000008a500000, 0x000000008a500000|100%| O|  |TAMS 0x000000008a500000, 0x000000008a400000| Untracked 
|   1|0x000000008a500000, 0x000000008a600000, 0x000000008a600000|100%| O|  |TAMS 0x000000008a600000, 0x000000008a500000| Untracked 
|   2|0x000000008a600000, 0x000000008a700000, 0x000000008a700000|100%| O|  |TAMS 0x000000008a700000, 0x000000008a600000| Untracked 
|   3|0x000000008a700000, 0x000000008a800000, 0x000000008a800000|100%| O|  |TAMS 0x000000008a800000, 0x000000008a700000| Untracked 
|   4|0x000000008a800000, 0x000000008a900000, 0x000000008a900000|100%| O|  |TAMS 0x000000008a900000, 0x000000008a800000| Untracked 
|   5|0x000000008a900000, 0x000000008aa00000, 0x000000008aa00000|100%| O|  |TAMS 0x000000008aa00000, 0x000000008a900000| Untracked 
|   6|0x000000008aa00000, 0x000000008ab00000, 0x000000008ab00000|100%| O|  |TAMS 0x000000008ab00000, 0x000000008aa00000| Untracked 
|   7|0x000000008ab00000, 0x000000008abd1a00, 0x000000008ac00000| 81%| O|  |TAMS 0x000000008abd1a00, 0x000000008ab00000| Untracked 
|   8|0x000000008ac00000, 0x000000008ad00000, 0x000000008ad00000|100%| O|  |TAMS 0x000000008ac00000, 0x000000008ac00000| Untracked 
|   9|0x000000008ad00000, 0x000000008ae00000, 0x000000008ae00000|100%| O|  |TAMS 0x000000008ad00000, 0x000000008ad00000| Untracked 
|  10|0x000000008ae00000, 0x000000008af00000, 0x000000008af00000|100%| O|  |TAMS 0x000000008ae00000, 0x000000008ae00000| Untracked 
|  11|0x000000008af00000, 0x000000008b000000, 0x000000008b000000|100%| O|  |TAMS 0x000000008af00000, 0x000000008af00000| Untracked 
|  12|0x000000008b000000, 0x000000008b100000, 0x000000008b100000|100%| O|  |TAMS 0x000000008b000000, 0x000000008b000000| Untracked 
|  13|0x000000008b100000, 0x000000008b200000, 0x000000008b200000|100%| O|  |TAMS 0x000000008b100000, 0x000000008b100000| Untracked 
|  14|0x000000008b200000, 0x000000008b300000, 0x000000008b300000|100%| O|  |TAMS 0x000000008b200000, 0x000000008b200000| Untracked 
|  15|0x000000008b300000, 0x000000008b400000, 0x000000008b400000|100%| O|  |TAMS 0x000000008b300000, 0x000000008b300000| Untracked 
|  16|0x000000008b400000, 0x000000008b500000, 0x000000008b500000|100%| O|  |TAMS 0x000000008b400000, 0x000000008b400000| Untracked 
|  17|0x000000008b500000, 0x000000008b600000, 0x000000008b600000|100%| O|  |TAMS 0x000000008b500000, 0x000000008b500000| Untracked 
|  18|0x000000008b600000, 0x000000008b700000, 0x000000008b700000|100%| O|  |TAMS 0x000000008b600000, 0x000000008b600000| Untracked 
|  19|0x000000008b700000, 0x000000008b7f4a00, 0x000000008b800000| 95%| O|  |TAMS 0x000000008b700000, 0x000000008b700000| Untracked 
|  20|0x000000008b800000, 0x000000008b800000, 0x000000008b900000|  0%| F|  |TAMS 0x000000008b800000, 0x000000008b800000| Untracked 
|  21|0x000000008b900000, 0x000000008b900000, 0x000000008ba00000|  0%| F|  |TAMS 0x000000008b900000, 0x000000008b900000| Untracked 
|  22|0x000000008ba00000, 0x000000008ba00000, 0x000000008bb00000|  0%| F|  |TAMS 0x000000008ba00000, 0x000000008ba00000| Untracked 
|  23|0x000000008bb00000, 0x000000008bb00000, 0x000000008bc00000|  0%| F|  |TAMS 0x000000008bb00000, 0x000000008bb00000| Untracked 
|  24|0x000000008bc00000, 0x000000008bc00000, 0x000000008bd00000|  0%| F|  |TAMS 0x000000008bc00000, 0x000000008bc00000| Untracked 
|  25|0x000000008bd00000, 0x000000008bd00000, 0x000000008be00000|  0%| F|  |TAMS 0x000000008bd00000, 0x000000008bd00000| Untracked 
|  26|0x000000008be00000, 0x000000008be00000, 0x000000008bf00000|  0%| F|  |TAMS 0x000000008be00000, 0x000000008be00000| Untracked 
|  27|0x000000008bf00000, 0x000000008bf00000, 0x000000008c000000|  0%| F|  |TAMS 0x000000008bf00000, 0x000000008bf00000| Untracked 
|  28|0x000000008c000000, 0x000000008c000000, 0x000000008c100000|  0%| F|  |TAMS 0x000000008c000000, 0x000000008c000000| Untracked 
|  29|0x000000008c100000, 0x000000008c100000, 0x000000008c200000|  0%| F|  |TAMS 0x000000008c100000, 0x000000008c100000| Untracked 
|  30|0x000000008c200000, 0x000000008c200000, 0x000000008c300000|  0%| F|  |TAMS 0x000000008c200000, 0x000000008c200000| Untracked 
|  31|0x000000008c300000, 0x000000008c300000, 0x000000008c400000|  0%| F|  |TAMS 0x000000008c300000, 0x000000008c300000| Untracked 
|  32|0x000000008c400000, 0x000000008c450c30, 0x000000008c500000| 31%| S|CS|TAMS 0x000000008c400000, 0x000000008c400000| Complete 
|  33|0x000000008c500000, 0x000000008c600000, 0x000000008c600000|100%| S|CS|TAMS 0x000000008c500000, 0x000000008c500000| Complete 
|  34|0x000000008c600000, 0x000000008c700000, 0x000000008c700000|100%| S|CS|TAMS 0x000000008c600000, 0x000000008c600000| Complete 
|  35|0x000000008c700000, 0x000000008c700000, 0x000000008c800000|  0%| F|  |TAMS 0x000000008c700000, 0x000000008c700000| Untracked 
|  36|0x000000008c800000, 0x000000008c800000, 0x000000008c900000|  0%| F|  |TAMS 0x000000008c800000, 0x000000008c800000| Untracked 
|  37|0x000000008c900000, 0x000000008c900000, 0x000000008ca00000|  0%| F|  |TAMS 0x000000008c900000, 0x000000008c900000| Untracked 
|  38|0x000000008ca00000, 0x000000008ca00000, 0x000000008cb00000|  0%| F|  |TAMS 0x000000008ca00000, 0x000000008ca00000| Untracked 
|  39|0x000000008cb00000, 0x000000008cb0a990, 0x000000008cc00000|  4%| E|  |TAMS 0x000000008cb00000, 0x000000008cb00000| Complete 
|  40|0x000000008cc00000, 0x000000008cd00000, 0x000000008cd00000|100%| E|CS|TAMS 0x000000008cc00000, 0x000000008cc00000| Complete 
|  41|0x000000008cd00000, 0x000000008ce00000, 0x000000008ce00000|100%| E|CS|TAMS 0x000000008cd00000, 0x000000008cd00000| Complete 
|  42|0x000000008ce00000, 0x000000008cf00000, 0x000000008cf00000|100%| E|CS|TAMS 0x000000008ce00000, 0x000000008ce00000| Complete 
|  43|0x000000008cf00000, 0x000000008cfffae8, 0x000000008d000000| 99%| E|  |TAMS 0x000000008cf00000, 0x000000008cf00000| Complete 
|  44|0x000000008d000000, 0x000000008d100000, 0x000000008d100000|100%| E|CS|TAMS 0x000000008d000000, 0x000000008d000000| Complete 
|  45|0x000000008d100000, 0x000000008d200000, 0x000000008d200000|100%| E|CS|TAMS 0x000000008d100000, 0x000000008d100000| Complete 
|  46|0x000000008d200000, 0x000000008d300000, 0x000000008d300000|100%| E|CS|TAMS 0x000000008d200000, 0x000000008d200000| Complete 
|  47|0x000000008d300000, 0x000000008d400000, 0x000000008d400000|100%| E|CS|TAMS 0x000000008d300000, 0x000000008d300000| Complete 
|  48|0x000000008d400000, 0x000000008d500000, 0x000000008d500000|100%| E|CS|TAMS 0x000000008d400000, 0x000000008d400000| Complete 
|  49|0x000000008d500000, 0x000000008d600000, 0x000000008d600000|100%| E|CS|TAMS 0x000000008d500000, 0x000000008d500000| Complete 
|  50|0x000000008d600000, 0x000000008d700000, 0x000000008d700000|100%| E|CS|TAMS 0x000000008d600000, 0x000000008d600000| Complete 
|  51|0x000000008d700000, 0x000000008d800000, 0x000000008d800000|100%| E|CS|TAMS 0x000000008d700000, 0x000000008d700000| Complete 
|  52|0x000000008d800000, 0x000000008d900000, 0x000000008d900000|100%| E|CS|TAMS 0x000000008d800000, 0x000000008d800000| Complete 
|  53|0x000000008d900000, 0x000000008da00000, 0x000000008da00000|100%| E|CS|TAMS 0x000000008d900000, 0x000000008d900000| Complete 
|  54|0x000000008da00000, 0x000000008db00000, 0x000000008db00000|100%| E|CS|TAMS 0x000000008da00000, 0x000000008da00000| Complete 
|  55|0x000000008db00000, 0x000000008dc00000, 0x000000008dc00000|100%| E|CS|TAMS 0x000000008db00000, 0x000000008db00000| Complete 
|  75|0x000000008ef00000, 0x000000008f000000, 0x000000008f000000|100%| E|CS|TAMS 0x000000008ef00000, 0x000000008ef00000| Complete 
|  76|0x000000008f000000, 0x000000008f100000, 0x000000008f100000|100%| E|CS|TAMS 0x000000008f000000, 0x000000008f000000| Complete 
|  77|0x000000008f100000, 0x000000008f200000, 0x000000008f200000|100%| E|CS|TAMS 0x000000008f100000, 0x000000008f100000| Complete 
|  78|0x000000008f200000, 0x000000008f300000, 0x000000008f300000|100%| E|CS|TAMS 0x000000008f200000, 0x000000008f200000| Complete 
|  79|0x000000008f300000, 0x000000008f400000, 0x000000008f400000|100%| E|CS|TAMS 0x000000008f300000, 0x000000008f300000| Complete 
| 117|0x0000000091900000, 0x0000000091a00000, 0x0000000091a00000|100%| E|CS|TAMS 0x0000000091900000, 0x0000000091900000| Complete 

Card table byte_map: [0x000001d6d19a0000,0x000001d6d1d50000] _byte_map_base: 0x000001d6d154e000

Marking Bits (Prev, Next): (CMBitMap*) 0x000001d6ba880d90, (CMBitMap*) 0x000001d6ba880d50
 Prev Bits: [0x000001d6d3e70000, 0x000001d6d5be0000)
 Next Bits: [0x000001d6d2100000, 0x000001d6d3e70000)

Polling page: 0x000001d6b87e0000

Metaspace:

Usage:
  Non-class:     29.04 MB used.
      Class:      3.86 MB used.
       Both:     32.90 MB used.

Virtual space:
  Non-class space:       32.00 MB reserved,      29.31 MB ( 92%) committed,  4 nodes.
      Class space:        1.00 GB reserved,       4.06 MB ( <1%) committed,  1 nodes.
             Both:        1.03 GB reserved,      33.38 MB (  3%) committed. 

Chunk freelists:
   Non-Class:  1.98 MB
       Class:  3.90 MB
        Both:  5.88 MB

MaxMetaspaceSize: unlimited
CompressedClassSpaceSize: 1.00 GB
Initial GC threshold: 21.00 MB
Current GC threshold: 35.12 MB
CDS: on
MetaspaceReclaimPolicy: balanced
 - commit_granule_bytes: 65536.
 - commit_granule_words: 8192.
 - virtual_space_node_default_size: 1048576.
 - enlarge_chunks_in_place: 1.
 - new_chunks_are_fully_committed: 0.
 - uncommit_free_chunks: 1.
 - use_allocation_guard: 0.
 - handle_deallocations: 1.


Internal statistics:

num_allocs_failed_limit: 3.
num_arena_births: 668.
num_arena_deaths: 0.
num_vsnodes_births: 5.
num_vsnodes_deaths: 0.
num_space_committed: 534.
num_space_uncommitted: 0.
num_chunks_returned_to_freelist: 3.
num_chunks_taken_from_freelist: 1757.
num_chunk_merges: 3.
num_chunk_splits: 1108.
num_chunks_enlarged: 691.
num_purges: 0.
num_inconsistent_stats: 0.

CodeHeap 'non-profiled nmethods': size=120000Kb used=3118Kb max_used=3456Kb free=116881Kb
 bounds [0x000001d6c9b70000, 0x000001d6c9ed0000, 0x000001d6d10a0000]
CodeHeap 'profiled nmethods': size=120000Kb used=11977Kb max_used=14298Kb free=108022Kb
 bounds [0x000001d6c20a0000, 0x000001d6c2ea0000, 0x000001d6c95d0000]
CodeHeap 'non-nmethods': size=5760Kb used=1303Kb max_used=1345Kb free=4456Kb
 bounds [0x000001d6c95d0000, 0x000001d6c9840000, 0x000001d6c9b70000]
 total_blobs=6448 nmethods=5819 adapters=541
 compilation: enabled
              stopped_count=0, restarted_count=0
 full_count=0

Compilation events (20 events):
Event: 198.342 Thread 0x000001d6d8827d00 nmethod 6773 0x000001d6c20a8990 code [0x000001d6c20a8de0, 0x000001d6c20aa828]
Event: 198.342 Thread 0x000001d6d8827d00 6769       3       org.apache.poi.openxml4j.opc.PackageRelationship::getTargetURI (64 bytes)
Event: 198.344 Thread 0x000001d6d8827d00 nmethod 6769 0x000001d6c2226890 code [0x000001d6c2226ac0, 0x000001d6c2227088]
Event: 198.344 Thread 0x000001d6d8827d00 6770       3       org.apache.poi.openxml4j.opc.PackageRelationship::getSourceURI (22 bytes)
Event: 198.344 Thread 0x000001d6d8827d00 nmethod 6770 0x000001d6c214e710 code [0x000001d6c214e8c0, 0x000001d6c214ea58]
Event: 198.344 Thread 0x000001d6d8827d00 6771       3       org.apache.poi.openxml4j.opc.PackagingURIHelper::resolvePartUri (82 bytes)
Event: 198.346 Thread 0x000001d6d8827d00 nmethod 6771 0x000001d6c2563190 code [0x000001d6c25634e0, 0x000001d6c25646c8]
Event: 198.346 Thread 0x000001d6d8827d00 6772       3       java.net.URI::normalize (65 bytes)
Event: 198.346 Thread 0x000001d6d8827d00 nmethod 6772 0x000001d6c21b0d90 code [0x000001d6c21b0fe0, 0x000001d6c21b1628]
Event: 198.346 Thread 0x000001d6d8827d00 6774       1       com.sun.org.apache.xerces.internal.jaxp.SAXParserImpl::getXMLReader (5 bytes)
Event: 198.347 Thread 0x000001d6d8827d00 nmethod 6774 0x000001d6c9c49910 code [0x000001d6c9c49aa0, 0x000001d6c9c49b78]
Event: 198.347 Thread 0x000001d6d8827d00 6775       1       com.sun.org.apache.xerces.internal.parsers.AbstractSAXParser::setContentHandler (6 bytes)
Event: 198.347 Thread 0x000001d6d8827d00 nmethod 6775 0x000001d6c9c64b10 code [0x000001d6c9c64ca0, 0x000001d6c9c64db8]
Event: 198.347 Thread 0x000001d6d8827d00 6776       1       com.sun.org.apache.xerces.internal.parsers.AbstractSAXParser::setDTDHandler (6 bytes)
Event: 198.347 Thread 0x000001d6d8827d00 nmethod 6776 0x000001d6c9e2aa90 code [0x000001d6c9e2ac20, 0x000001d6c9e2ad38]
Event: 198.347 Thread 0x000001d6d8827d00 6777       1       org.xml.sax.InputSource::setSystemId (6 bytes)
Event: 198.347 Thread 0x000001d6d8827d00 nmethod 6777 0x000001d6c9c57a10 code [0x000001d6c9c57ba0, 0x000001d6c9c57cb8]
Event: 198.348 Thread 0x000001d6d8827d00 6778       1       com.sun.org.apache.xerces.internal.util.URI::getScheme (5 bytes)
Event: 198.348 Thread 0x000001d6d8827d00 nmethod 6778 0x000001d6c9c57610 code [0x000001d6c9c577a0, 0x000001d6c9c57878]
Event: 198.351 Thread 0x000001d6d8827d00 6779       3       org.apache.xmlbeans.impl.store.Saver$FragSaveCur::computeAncestorNamespaces (96 bytes)

GC Heap History (20 events):
Event: 12.453 GC heap before
{Heap before GC invocations=4 (full 0):
 garbage-first heap   total 48128K, used 35127K [0x000000008a400000, 0x0000000100000000)
  region size 1024K, 28 young (28672K), 5 survivors (5120K)
 Metaspace       used 24398K, committed 24768K, reserved 1073152K
  class space    used 3027K, committed 3200K, reserved 1048576K
}
Event: 12.458 GC heap after
{Heap after GC invocations=5 (full 0):
 garbage-first heap   total 48128K, used 14155K [0x000000008a400000, 0x0000000100000000)
  region size 1024K, 2 young (2048K), 2 survivors (2048K)
 Metaspace       used 24398K, committed 24768K, reserved 1073152K
  class space    used 3027K, committed 3200K, reserved 1048576K
}
Event: 29.478 GC heap before
{Heap before GC invocations=5 (full 0):
 garbage-first heap   total 48128K, used 31563K [0x000000008a400000, 0x0000000100000000)
  region size 1024K, 20 young (20480K), 2 survivors (2048K)
 Metaspace       used 24805K, committed 25152K, reserved 1073152K
  class space    used 3032K, committed 3200K, reserved 1048576K
}
Event: 29.483 GC heap after
{Heap after GC invocations=6 (full 0):
 garbage-first heap   total 48128K, used 15896K [0x000000008a400000, 0x0000000100000000)
  region size 1024K, 2 young (2048K), 2 survivors (2048K)
 Metaspace       used 24805K, committed 25152K, reserved 1073152K
  class space    used 3032K, committed 3200K, reserved 1048576K
}
Event: 52.844 GC heap before
{Heap before GC invocations=6 (full 0):
 garbage-first heap   total 48128K, used 33304K [0x000000008a400000, 0x0000000100000000)
  region size 1024K, 20 young (20480K), 2 survivors (2048K)
 Metaspace       used 25098K, committed 25536K, reserved 1073152K
  class space    used 3045K, committed 3264K, reserved 1048576K
}
Event: 52.856 GC heap after
{Heap after GC invocations=7 (full 0):
 garbage-first heap   total 48128K, used 16819K [0x000000008a400000, 0x0000000100000000)
  region size 1024K, 3 young (3072K), 3 survivors (3072K)
 Metaspace       used 25098K, committed 25536K, reserved 1073152K
  class space    used 3045K, committed 3264K, reserved 1048576K
}
Event: 56.928 GC heap before
{Heap before GC invocations=7 (full 0):
 garbage-first heap   total 48128K, used 34227K [0x000000008a400000, 0x0000000100000000)
  region size 1024K, 21 young (21504K), 3 survivors (3072K)
 Metaspace       used 29579K, committed 30016K, reserved 1081344K
  class space    used 3580K, committed 3776K, reserved 1048576K
}
Event: 56.938 GC heap after
{Heap after GC invocations=8 (full 0):
 garbage-first heap   total 48128K, used 17471K [0x000000008a400000, 0x0000000100000000)
  region size 1024K, 3 young (3072K), 3 survivors (3072K)
 Metaspace       used 29579K, committed 30016K, reserved 1081344K
  class space    used 3580K, committed 3776K, reserved 1048576K
}
Event: 57.060 GC heap before
{Heap before GC invocations=8 (full 0):
 garbage-first heap   total 48128K, used 34879K [0x000000008a400000, 0x0000000100000000)
  region size 1024K, 20 young (20480K), 3 survivors (3072K)
 Metaspace       used 29755K, committed 30144K, reserved 1081344K
  class space    used 3602K, committed 3776K, reserved 1048576K
}
Event: 57.063 GC heap after
{Heap after GC invocations=9 (full 0):
 garbage-first heap   total 48128K, used 18031K [0x000000008a400000, 0x0000000100000000)
  region size 1024K, 2 young (2048K), 2 survivors (2048K)
 Metaspace       used 29755K, committed 30144K, reserved 1081344K
  class space    used 3602K, committed 3776K, reserved 1048576K
}
Event: 57.088 GC heap before
{Heap before GC invocations=9 (full 0):
 garbage-first heap   total 48128K, used 36463K [0x000000008a400000, 0x0000000100000000)
  region size 1024K, 20 young (20480K), 2 survivors (2048K)
 Metaspace       used 29755K, committed 30144K, reserved 1081344K
  class space    used 3602K, committed 3776K, reserved 1048576K
}
Event: 57.091 GC heap after
{Heap after GC invocations=10 (full 0):
 garbage-first heap   total 48128K, used 18531K [0x000000008a400000, 0x0000000100000000)
  region size 1024K, 3 young (3072K), 3 survivors (3072K)
 Metaspace       used 29755K, committed 30144K, reserved 1081344K
  class space    used 3602K, committed 3776K, reserved 1048576K
}
Event: 57.497 GC heap before
{Heap before GC invocations=10 (full 0):
 garbage-first heap   total 48128K, used 35939K [0x000000008a400000, 0x0000000100000000)
  region size 1024K, 20 young (20480K), 3 survivors (3072K)
 Metaspace       used 32071K, committed 32512K, reserved 1081344K
  class space    used 3903K, committed 4096K, reserved 1048576K
}
Event: 57.502 GC heap after
{Heap after GC invocations=11 (full 0):
 garbage-first heap   total 63488K, used 19396K [0x000000008a400000, 0x0000000100000000)
  region size 1024K, 3 young (3072K), 3 survivors (3072K)
 Metaspace       used 32071K, committed 32512K, reserved 1081344K
  class space    used 3903K, committed 4096K, reserved 1048576K
}
Event: 79.980 GC heap before
{Heap before GC invocations=11 (full 0):
 garbage-first heap   total 63488K, used 46020K [0x000000008a400000, 0x0000000100000000)
  region size 1024K, 30 young (30720K), 3 survivors (3072K)
 Metaspace       used 32729K, committed 33152K, reserved 1081344K
  class space    used 3929K, committed 4096K, reserved 1048576K
}
Event: 80.008 GC heap after
{Heap after GC invocations=12 (full 0):
 garbage-first heap   total 63488K, used 20969K [0x000000008a400000, 0x0000000100000000)
  region size 1024K, 4 young (4096K), 4 survivors (4096K)
 Metaspace       used 32729K, committed 33152K, reserved 1081344K
  class space    used 3929K, committed 4096K, reserved 1048576K
}
Event: 144.690 GC heap before
{Heap before GC invocations=12 (full 0):
 garbage-first heap   total 63488K, used 47593K [0x000000008a400000, 0x0000000100000000)
  region size 1024K, 31 young (31744K), 4 survivors (4096K)
 Metaspace       used 33079K, committed 33536K, reserved 1081344K
  class space    used 3940K, committed 4160K, reserved 1048576K
}
Event: 144.759 GC heap after
{Heap after GC invocations=13 (full 0):
 garbage-first heap   total 63488K, used 21934K [0x000000008a400000, 0x0000000100000000)
  region size 1024K, 3 young (3072K), 3 survivors (3072K)
 Metaspace       used 33079K, committed 33536K, reserved 1081344K
  class space    used 3940K, committed 4160K, reserved 1048576K
}
Event: 177.574 GC heap before
{Heap before GC invocations=13 (full 0):
 garbage-first heap   total 63488K, used 48558K [0x000000008a400000, 0x0000000100000000)
  region size 1024K, 30 young (30720K), 3 survivors (3072K)
 Metaspace       used 33504K, committed 33920K, reserved 1081344K
  class space    used 3953K, committed 4160K, reserved 1048576K
}
Event: 177.699 GC heap after
{Heap after GC invocations=14 (full 0):
 garbage-first heap   total 63488K, used 22620K [0x000000008a400000, 0x0000000100000000)
  region size 1024K, 3 young (3072K), 3 survivors (3072K)
 Metaspace       used 33504K, committed 33920K, reserved 1081344K
  class space    used 3953K, committed 4160K, reserved 1048576K
}

Deoptimization events (20 events):
Event: 177.095 Thread 0x000001d6da2c7a70 Uncommon trap: trap_request=0xffffffbe fr.pc=0x000001d6c9eab49c relative=0x00000000000006dc
Event: 177.095 Thread 0x000001d6da2c7a70 Uncommon trap: reason=profile_predicate action=maybe_recompile pc=0x000001d6c9eab49c method=java.lang.PublicMethods$MethodList.filter([Ljava/lang/reflect/Method;Ljava/lang/String;[Ljava/lang/Class;Z)Ljava/lang/PublicMethods$MethodList; @ 21 c2
Event: 177.095 Thread 0x000001d6da2c7a70 DEOPT PACKING pc=0x000001d6c9eab49c sp=0x00000012d6efe600
Event: 177.096 Thread 0x000001d6da2c7a70 DEOPT UNPACKING pc=0x000001d6c96223a3 sp=0x00000012d6efe5a8 mode 2
Event: 177.096 Thread 0x000001d6da2c7a70 Uncommon trap: trap_request=0xffffffbe fr.pc=0x000001d6c9eab49c relative=0x00000000000006dc
Event: 177.096 Thread 0x000001d6da2c7a70 Uncommon trap: reason=profile_predicate action=maybe_recompile pc=0x000001d6c9eab49c method=java.lang.PublicMethods$MethodList.filter([Ljava/lang/reflect/Method;Ljava/lang/String;[Ljava/lang/Class;Z)Ljava/lang/PublicMethods$MethodList; @ 21 c2
Event: 177.096 Thread 0x000001d6da2c7a70 DEOPT PACKING pc=0x000001d6c9eab49c sp=0x00000012d6efe550
Event: 177.096 Thread 0x000001d6da2c7a70 DEOPT UNPACKING pc=0x000001d6c96223a3 sp=0x00000012d6efe4f8 mode 2
Event: 177.096 Thread 0x000001d6da2c7a70 Uncommon trap: trap_request=0xffffffbe fr.pc=0x000001d6c9eab49c relative=0x00000000000006dc
Event: 177.096 Thread 0x000001d6da2c7a70 Uncommon trap: reason=profile_predicate action=maybe_recompile pc=0x000001d6c9eab49c method=java.lang.PublicMethods$MethodList.filter([Ljava/lang/reflect/Method;Ljava/lang/String;[Ljava/lang/Class;Z)Ljava/lang/PublicMethods$MethodList; @ 21 c2
Event: 177.096 Thread 0x000001d6da2c7a70 DEOPT PACKING pc=0x000001d6c9eab49c sp=0x00000012d6efe4a0
Event: 177.097 Thread 0x000001d6da2c7a70 DEOPT UNPACKING pc=0x000001d6c96223a3 sp=0x00000012d6efe448 mode 2
Event: 193.040 Thread 0x000001d6da2c8db0 Uncommon trap: trap_request=0xffffff45 fr.pc=0x000001d6c9eb88f8 relative=0x00000000000009d8
Event: 193.040 Thread 0x000001d6da2c8db0 Uncommon trap: reason=unstable_if action=reinterpret pc=0x000001d6c9eb88f8 method=org.apache.xmlbeans.impl.store.CharUtil.saveChars(Ljava/lang/Object;IILjava/lang/Object;II)Ljava/lang/Object; @ 310 c2
Event: 193.040 Thread 0x000001d6da2c8db0 DEOPT PACKING pc=0x000001d6c9eb88f8 sp=0x00000012d6dfd1b0
Event: 193.040 Thread 0x000001d6da2c8db0 DEOPT UNPACKING pc=0x000001d6c96223a3 sp=0x00000012d6dfd148 mode 2
Event: 193.062 Thread 0x000001d6da2c8db0 Uncommon trap: trap_request=0xffffffde fr.pc=0x000001d6c9df997c relative=0x000000000000015c
Event: 193.062 Thread 0x000001d6da2c8db0 Uncommon trap: reason=class_check action=maybe_recompile pc=0x000001d6c9df997c method=org.apache.xmlbeans.impl.store.CharUtil.isValid(Ljava/lang/Object;II)Z @ 64 c2
Event: 193.062 Thread 0x000001d6da2c8db0 DEOPT PACKING pc=0x000001d6c9df997c sp=0x00000012d6dfd120
Event: 193.063 Thread 0x000001d6da2c8db0 DEOPT UNPACKING pc=0x000001d6c96223a3 sp=0x00000012d6dfd0c8 mode 2

Classes unloaded (0 events):
No events

Classes redefined (0 events):
No events

Internal exceptions (20 events):
Event: 184.846 Thread 0x000001d6d9a8cff0 Exception <a 'java/net/ConnectException'{0x000000008dac9328}: Connection refused: no further information> (0x000000008dac9328) 
thrown [s\open\src\hotspot\share\prims\jni.cpp, line 535]
Event: 184.846 Thread 0x000001d6d9a8cff0 Exception <a 'java/net/SocketException'{0x000000008dac9660}: Socket is not connected: shutdown> (0x000000008dac9660) 
thrown [s\open\src\hotspot\share\prims\jni.cpp, line 535]
Event: 184.846 Thread 0x000001d6d9a8cff0 Exception <a 'java/net/ConnectException'{0x000000008dac9ec0}: Connection refused: no further information> (0x000000008dac9ec0) 
thrown [s\open\src\hotspot\share\prims\jni.cpp, line 535]
Event: 184.846 Thread 0x000001d6d9a8cff0 Exception <a 'java/net/SocketException'{0x000000008daca1f8}: Socket is not connected: shutdown> (0x000000008daca1f8) 
thrown [s\open\src\hotspot\share\prims\jni.cpp, line 535]
Event: 184.858 Thread 0x000001d6d9a8cff0 Exception <a 'java/net/ConnectException'{0x000000008dacaa58}: Connection refused: no further information> (0x000000008dacaa58) 
thrown [s\open\src\hotspot\share\prims\jni.cpp, line 535]
Event: 184.859 Thread 0x000001d6d9a8cff0 Exception <a 'java/net/SocketException'{0x000000008dacad90}: Socket is not connected: shutdown> (0x000000008dacad90) 
thrown [s\open\src\hotspot\share\prims\jni.cpp, line 535]
Event: 189.060 Thread 0x000001d6da2c8db0 Exception <a 'java/lang/reflect/InvocationTargetException'{0x000000008d7a0aa8}> (0x000000008d7a0aa8) 
thrown [s\open\src\hotspot\share\runtime\reflection.cpp, line 1121]
Event: 189.167 Thread 0x000001d6da2c8db0 Exception <a 'java/net/SocketException'{0x000000008d7cccd0}: Socket is not connected: shutdown> (0x000000008d7cccd0) 
thrown [s\open\src\hotspot\share\prims\jni.cpp, line 535]
Event: 189.181 Thread 0x000001d6da2c8db0 Exception <a 'java/net/SocketException'{0x000000008d7cd538}: Socket is not connected: shutdown> (0x000000008d7cd538) 
thrown [s\open\src\hotspot\share\prims\jni.cpp, line 535]
Event: 190.634 Thread 0x000001d6da2c5d90 Exception <a 'java/net/ConnectException'{0x000000008f39e070}: Connection refused: no further information> (0x000000008f39e070) 
thrown [s\open\src\hotspot\share\prims\jni.cpp, line 535]
Event: 190.634 Thread 0x000001d6da2c5d90 Exception <a 'java/net/SocketException'{0x000000008f39e3a8}: Socket is not connected: shutdown> (0x000000008f39e3a8) 
thrown [s\open\src\hotspot\share\prims\jni.cpp, line 535]
Event: 190.653 Thread 0x000001d6da2c5d90 Exception <a 'java/net/ConnectException'{0x000000008d6115a8}: Connection refused: no further information> (0x000000008d6115a8) 
thrown [s\open\src\hotspot\share\prims\jni.cpp, line 535]
Event: 190.653 Thread 0x000001d6da2c5d90 Exception <a 'java/net/SocketException'{0x000000008d6118e0}: Socket is not connected: shutdown> (0x000000008d6118e0) 
thrown [s\open\src\hotspot\share\prims\jni.cpp, line 535]
Event: 190.685 Thread 0x000001d6da2c5d90 Exception <a 'java/net/ConnectException'{0x000000008d612ab0}: Connection refused: no further information> (0x000000008d612ab0) 
thrown [s\open\src\hotspot\share\prims\jni.cpp, line 535]
Event: 190.686 Thread 0x000001d6da2c5d90 Exception <a 'java/net/SocketException'{0x000000008d612de8}: Socket is not connected: shutdown> (0x000000008d612de8) 
thrown [s\open\src\hotspot\share\prims\jni.cpp, line 535]
Event: 190.734 Thread 0x000001d6da2c5d90 Exception <a 'java/net/ConnectException'{0x000000008d613fb8}: Connection refused: no further information> (0x000000008d613fb8) 
thrown [s\open\src\hotspot\share\prims\jni.cpp, line 535]
Event: 190.734 Thread 0x000001d6da2c5d90 Exception <a 'java/net/SocketException'{0x000000008d6142f0}: Socket is not connected: shutdown> (0x000000008d6142f0) 
thrown [s\open\src\hotspot\share\prims\jni.cpp, line 535]
Event: 198.057 Thread 0x000001d6da2c8db0 Exception <a 'java/lang/reflect/InvocationTargetException'{0x000000008cfbda28}> (0x000000008cfbda28) 
thrown [s\open\src\hotspot\share\runtime\reflection.cpp, line 1121]
Event: 198.067 Thread 0x000001d6da2c8db0 Exception <a 'java/net/SocketException'{0x000000008ce155f8}: Socket is not connected: shutdown> (0x000000008ce155f8) 
thrown [s\open\src\hotspot\share\prims\jni.cpp, line 535]
Event: 198.070 Thread 0x000001d6da2c8db0 Exception <a 'java/net/SocketException'{0x000000008ce15e60}: Socket is not connected: shutdown> (0x000000008ce15e60) 
thrown [s\open\src\hotspot\share\prims\jni.cpp, line 535]

VM Operations (20 events):
Event: 187.786 Executing VM operation: Cleanup
Event: 187.786 Executing VM operation: Cleanup done
Event: 189.077 Executing VM operation: HandshakeAllThreads
Event: 189.094 Executing VM operation: HandshakeAllThreads done
Event: 189.094 Executing VM operation: Cleanup
Event: 189.098 Executing VM operation: Cleanup done
Event: 191.112 Executing VM operation: Cleanup
Event: 191.112 Executing VM operation: Cleanup done
Event: 192.122 Executing VM operation: Cleanup
Event: 192.122 Executing VM operation: Cleanup done
Event: 193.134 Executing VM operation: Cleanup
Event: 193.135 Executing VM operation: Cleanup done
Event: 194.140 Executing VM operation: Cleanup
Event: 194.140 Executing VM operation: Cleanup done
Event: 196.144 Executing VM operation: Cleanup
Event: 196.144 Executing VM operation: Cleanup done
Event: 196.368 Executing VM operation: HandshakeAllThreads
Event: 196.371 Executing VM operation: HandshakeAllThreads done
Event: 197.372 Executing VM operation: Cleanup
Event: 197.372 Executing VM operation: Cleanup done

Events (20 events):
Event: 196.459 Thread 0x000001d6d88401b0 flushing nmethod 0x000001d6c2a8d310
Event: 196.459 Thread 0x000001d6d88401b0 flushing nmethod 0x000001d6c2a92810
Event: 196.459 Thread 0x000001d6d88401b0 flushing nmethod 0x000001d6c2a93910
Event: 196.459 Thread 0x000001d6d88401b0 flushing nmethod 0x000001d6c2a95a90
Event: 196.459 Thread 0x000001d6d88401b0 flushing nmethod 0x000001d6c2a96510
Event: 196.459 Thread 0x000001d6d88401b0 flushing nmethod 0x000001d6c2a9e890
Event: 196.459 Thread 0x000001d6d88401b0 flushing nmethod 0x000001d6c2aa2a10
Event: 196.459 Thread 0x000001d6d88401b0 flushing nmethod 0x000001d6c2aa4210
Event: 196.459 Thread 0x000001d6d88401b0 flushing nmethod 0x000001d6c2aaa990
Event: 196.459 Thread 0x000001d6d88401b0 flushing nmethod 0x000001d6c2aaad10
Event: 196.459 Thread 0x000001d6d88401b0 flushing nmethod 0x000001d6c2aab090
Event: 196.459 Thread 0x000001d6d88401b0 flushing nmethod 0x000001d6c2aacc10
Event: 196.460 Thread 0x000001d6d88401b0 flushing nmethod 0x000001d6c2aae090
Event: 196.460 Thread 0x000001d6d88401b0 flushing nmethod 0x000001d6c2ab4510
Event: 196.460 Thread 0x000001d6d88401b0 flushing nmethod 0x000001d6c2af8a10
Event: 196.460 Thread 0x000001d6d88401b0 flushing nmethod 0x000001d6c2af8d90
Event: 196.460 Thread 0x000001d6d88401b0 flushing nmethod 0x000001d6c2b1a190
Event: 196.461 Thread 0x000001d6d88401b0 flushing nmethod 0x000001d6c2b2c510
Event: 196.462 Thread 0x000001d6d88401b0 flushing nmethod 0x000001d6c2be8990
Event: 198.167 Thread 0x000001d6dbcdd7a0 Thread added: 0x000001d6dbcdd7a0


Dynamic libraries:
0x00007ff7ea310000 - 0x00007ff7ea320000 	C:\Program Files\Java\jdk-17\bin\java.exe
0x00007fff63130000 - 0x00007fff63347000 	C:\Windows\SYSTEM32\ntdll.dll
0x00007fff61ac0000 - 0x00007fff61b84000 	C:\Windows\System32\KERNEL32.DLL
0x00007fff60760000 - 0x00007fff60b17000 	C:\Windows\System32\KERNELBASE.dll
0x00007fff60d40000 - 0x00007fff60e51000 	C:\Windows\System32\ucrtbase.dll
0x00007fff2c1a0000 - 0x00007fff2c1bb000 	C:\Program Files\Java\jdk-17\bin\VCRUNTIME140.dll
0x00007fff2c0d0000 - 0x00007fff2c0e8000 	C:\Program Files\Java\jdk-17\bin\jli.dll
0x00007fff61b90000 - 0x00007fff61c42000 	C:\Windows\System32\ADVAPI32.dll
0x00007fff624c0000 - 0x00007fff62567000 	C:\Windows\System32\msvcrt.dll
0x00007fff62dd0000 - 0x00007fff62e78000 	C:\Windows\System32\sechost.dll
0x00007fff60c90000 - 0x00007fff60cb8000 	C:\Windows\System32\bcrypt.dll
0x00007fff62bc0000 - 0x00007fff62cd4000 	C:\Windows\System32\RPCRT4.dll
0x00007fff610a0000 - 0x00007fff6124f000 	C:\Windows\System32\USER32.dll
0x00007fff604b0000 - 0x00007fff604d6000 	C:\Windows\System32\win32u.dll
0x00007fff4d610000 - 0x00007fff4d8a3000 	C:\Windows\WinSxS\amd64_microsoft.windows.common-controls_6595b64144ccf1df_6.0.22621.3672_none_2713b9d173822955\COMCTL32.dll
0x00007fff62da0000 - 0x00007fff62dc9000 	C:\Windows\System32\GDI32.dll
0x00007fff60640000 - 0x00007fff60758000 	C:\Windows\System32\gdi32full.dll
0x00007fff604e0000 - 0x00007fff6057a000 	C:\Windows\System32\msvcp_win.dll
0x00007fff58380000 - 0x00007fff5838a000 	C:\Windows\SYSTEM32\VERSION.dll
0x00007fff61250000 - 0x00007fff61281000 	C:\Windows\System32\IMM32.DLL
0x00007fff2d740000 - 0x00007fff2d74c000 	C:\Program Files\Java\jdk-17\bin\vcruntime140_1.dll
0x00007fff2bf90000 - 0x00007fff2c01e000 	C:\Program Files\Java\jdk-17\bin\msvcp140.dll
0x00007fff2ab30000 - 0x00007fff2b707000 	C:\Program Files\Java\jdk-17\bin\server\jvm.dll
0x00007fff62570000 - 0x00007fff62578000 	C:\Windows\System32\PSAPI.DLL
0x00007fff3a220000 - 0x00007fff3a229000 	C:\Windows\SYSTEM32\WSOCK32.dll
0x00007fff5b9c0000 - 0x00007fff5b9f4000 	C:\Windows\SYSTEM32\WINMM.dll
0x00007fff60e60000 - 0x00007fff60ed1000 	C:\Windows\System32\WS2_32.dll
0x00007fff5f490000 - 0x00007fff5f4a8000 	C:\Windows\SYSTEM32\kernel.appcore.dll
0x00007fff2c030000 - 0x00007fff2c03a000 	C:\Program Files\Java\jdk-17\bin\jimage.dll
0x00007fff58660000 - 0x00007fff58892000 	C:\Windows\SYSTEM32\DBGHELP.DLL
0x00007fff61730000 - 0x00007fff61abe000 	C:\Windows\System32\combase.dll
0x00007fff61570000 - 0x00007fff61647000 	C:\Windows\System32\OLEAUT32.dll
0x00007fff2e640000 - 0x00007fff2e672000 	C:\Windows\SYSTEM32\dbgcore.DLL
0x00007fff60cc0000 - 0x00007fff60d3b000 	C:\Windows\System32\bcryptPrimitives.dll
0x00007fff29080000 - 0x00007fff290a5000 	C:\Program Files\Java\jdk-17\bin\java.dll
0x00007fff27220000 - 0x00007fff272f7000 	C:\Program Files\Java\jdk-17\bin\jsvml.dll
0x00007fff61c50000 - 0x00007fff624b9000 	C:\Windows\System32\SHELL32.dll
0x00007fff5e370000 - 0x00007fff5ec6f000 	C:\Windows\SYSTEM32\windows.storage.dll
0x00007fff5e230000 - 0x00007fff5e36f000 	C:\Windows\SYSTEM32\wintypes.dll
0x00007fff61290000 - 0x00007fff61389000 	C:\Windows\System32\SHCORE.dll
0x00007fff62fe0000 - 0x00007fff6303e000 	C:\Windows\System32\shlwapi.dll
0x00007fff60370000 - 0x00007fff60397000 	C:\Windows\SYSTEM32\profapi.dll
0x00007fff25a30000 - 0x00007fff25a49000 	C:\Program Files\Java\jdk-17\bin\net.dll
0x00007fff5cd10000 - 0x00007fff5ce46000 	C:\Windows\SYSTEM32\WINHTTP.dll
0x00007fff5f900000 - 0x00007fff5f969000 	C:\Windows\system32\mswsock.dll
0x00007fff25a10000 - 0x00007fff25a26000 	C:\Program Files\Java\jdk-17\bin\nio.dll
0x00007fff251a0000 - 0x00007fff251b8000 	C:\Program Files\Java\jdk-17\bin\zip.dll
0x00007fff5a0b0000 - 0x00007fff5a0ba000 	C:\Program Files\Java\jdk-17\bin\management.dll
0x00007fff519a0000 - 0x00007fff519ab000 	C:\Program Files\Java\jdk-17\bin\management_ext.dll
0x00007fff5ac90000 - 0x00007fff5aca0000 	C:\Program Files\Java\jdk-17\bin\verify.dll
0x00007fff5fb60000 - 0x00007fff5fb7b000 	C:\Windows\SYSTEM32\CRYPTSP.dll
0x00007fff5f3f0000 - 0x00007fff5f425000 	C:\Windows\system32\rsaenh.dll
0x00007fff5f9f0000 - 0x00007fff5fa18000 	C:\Windows\SYSTEM32\USERENV.dll
0x00007fff5fb50000 - 0x00007fff5fb5c000 	C:\Windows\SYSTEM32\CRYPTBASE.dll
0x00007fff5ef10000 - 0x00007fff5ef3d000 	C:\Windows\SYSTEM32\IPHLPAPI.DLL
0x00007fff61560000 - 0x00007fff61569000 	C:\Windows\System32\NSI.dll
0x00007fff5ccf0000 - 0x00007fff5cd09000 	C:\Windows\SYSTEM32\dhcpcsvc6.DLL
0x00007fff5ccd0000 - 0x00007fff5ccef000 	C:\Windows\SYSTEM32\dhcpcsvc.DLL
0x00007fff5ef40000 - 0x00007fff5f042000 	C:\Windows\SYSTEM32\DNSAPI.dll
0x000000006c1f0000 - 0x000000006c216000 	C:\Program Files\Bonjour\mdnsNSP.dll
0x00007fff5bd30000 - 0x00007fff5bd3a000 	C:\Windows\System32\rasadhlp.dll
0x00007fff5bdc0000 - 0x00007fff5be43000 	C:\Windows\System32\fwpuclnt.dll
0x00007fff5ad50000 - 0x00007fff5ad5d000 	C:\Program Files\Java\jdk-17\bin\sunmscapi.dll
0x00007fff60b20000 - 0x00007fff60c86000 	C:\Windows\System32\CRYPT32.dll
0x00007fff5fd80000 - 0x00007fff5fdad000 	C:\Windows\SYSTEM32\ncrypt.dll
0x00007fff5fd40000 - 0x00007fff5fd77000 	C:\Windows\SYSTEM32\NTASN1.dll
0x00007fff5aca0000 - 0x00007fff5aca8000 	C:\Windows\system32\wshunix.dll
0x00007fff26540000 - 0x00007fff26557000 	C:\Windows\system32\napinsp.dll
0x00007fff259f0000 - 0x00007fff25a0b000 	C:\Windows\system32\pnrpnsp.dll
0x00007fff26520000 - 0x00007fff26531000 	C:\Windows\System32\winrnr.dll
0x00007fff26500000 - 0x00007fff26515000 	C:\Windows\system32\wshbth.dll
0x00007fff26430000 - 0x00007fff26457000 	C:\Windows\system32\nlansp_c.dll

dbghelp: loaded successfully - version: 4.0.5 - missing functions: none
symbol engine: initialized successfully - sym options: 0x614 - pdb path: .;C:\Program Files\Java\jdk-17\bin;C:\Windows\SYSTEM32;C:\Windows\WinSxS\amd64_microsoft.windows.common-controls_6595b64144ccf1df_6.0.22621.3672_none_2713b9d173822955;C:\Program Files\Java\jdk-17\bin\server;C:\Program Files\Bonjour

VM Arguments:
java_command: C:\Users\SREEKUTTY K V\AppData\Local\Temp\surefire6734963326141938664\surefirebooter12568068661785117723.jar C:\Users\SREEKUTTY K V\AppData\Local\Temp\surefire6734963326141938664 2024-10-29T18-14-16_124-jvmRun1 surefire2397462493585963701tmp surefire_06789110711952621361tmp
java_class_path (initial): C:\Users\SREEKUTTY K V\AppData\Local\Temp\surefire6734963326141938664\surefirebooter12568068661785117723.jar
Launcher Type: SUN_STANDARD

[Global flags]
     intx CICompilerCount                          = 4                                         {product} {ergonomic}
     uint ConcGCThreads                            = 3                                         {product} {ergonomic}
     uint G1ConcRefinementThreads                  = 10                                        {product} {ergonomic}
   size_t G1HeapRegionSize                         = 1048576                                   {product} {ergonomic}
    uintx GCDrainStackTargetSize                   = 64                                        {product} {ergonomic}
   size_t InitialHeapSize                          = 123731968                                 {product} {ergonomic}
   size_t MarkStackSize                            = 4194304                                   {product} {ergonomic}
   size_t MaxHeapSize                              = 1975517184                                {product} {ergonomic}
   size_t MaxNewSize                               = 1184890880                                {product} {ergonomic}
   size_t MinHeapDeltaBytes                        = 1048576                                   {product} {ergonomic}
   size_t MinHeapSize                              = 8388608                                   {product} {ergonomic}
    uintx NonNMethodCodeHeapSize                   = 5839372                                {pd product} {ergonomic}
    uintx NonProfiledCodeHeapSize                  = 122909434                              {pd product} {ergonomic}
    uintx ProfiledCodeHeapSize                     = 122909434                              {pd product} {ergonomic}
    uintx ReservedCodeCacheSize                    = 251658240                              {pd product} {ergonomic}
     bool SegmentedCodeCache                       = true                                      {product} {ergonomic}
   size_t SoftMaxHeapSize                          = 1975517184                             {manageable} {ergonomic}
     bool UseCompressedClassPointers               = true                           {product lp64_product} {ergonomic}
     bool UseCompressedOops                        = true                           {product lp64_product} {ergonomic}
     bool UseG1GC                                  = true                                      {product} {ergonomic}
     bool UseLargePagesIndividualAllocation        = false                                  {pd product} {ergonomic}

Logging:
Log output configuration:
 #0: stdout all=warning uptime,level,tags
 #1: stderr all=off uptime,level,tags

Environment Variables:
JAVA_HOME=C:\Program Files\Java\jdk-17
PATH=C:\Program Files\Common Files\Oracle\Java\javapath;C:\Windows\system32;C:\Windows;C:\Windows\System32\Wbem;C:\Windows\System32\WindowsPowerShell\v1.0\;C:\Windows\System32\OpenSSH\;C:\Program Files\dotnet\;C:\Program Files\apache-maven-3.9.4\bin;C:\Program Files\Git\cmd;C:\Program Files\Microsoft SQL Server\Client SDK\ODBC\110\Tools\Binn\;C:\Program Files (x86)\Microsoft SQL Server\120\Tools\Binn\;C:\Program Files\Microsoft SQL Server\120\Tools\Binn\;C:\Program Files\Microsoft SQL Server\120\DTS\Binn\;C:\Program Files (x86)\Microsoft SQL Server\120\Tools\Binn\ManagementStudio\;C:\Program Files (x86)\Microsoft SQL Server\120\DTS\Binn\;C:\Program Files (x86)\Microsoft SQL Server\160\DTS\Binn\;C:\Program Files\Java\jdk-17\bin;C:\Users\SREEKUTTY K V\AppData\Local\Microsoft\WindowsApps;C:\ProgramData\SREEKUTTY K V\GitHubDesktop\bin;C:\Users\SREEKUTTY K V\AppData\Local\GitHubDesktop\bin;C:\Program Files (x86)\Brackets\
USERNAME=SREEKUTTY K V
OS=Windows_NT
PROCESSOR_IDENTIFIER=AMD64 Family 25 Model 80 Stepping 0, AuthenticAMD



---------------  S Y S T E M  ---------------

OS:
 Windows 11 , 64 bit Build 22621 (10.0.22621.3958)
OS uptime: 0 days 5:47 hours
Hyper-V role detected

CPU: total 12 (initial active 12) (12 cores per cpu, 2 threads per core) family 25 model 80 stepping 0 microcode 0x0, cx8, cmov, fxsr, ht, mmx, 3dnowpref, sse, sse2, sse3, ssse3, sse4a, sse4.1, sse4.2, popcnt, lzcnt, tsc, tscinvbit, avx, avx2, aes, erms, clmul, bmi1, bmi2, adx, sha, fma, vzeroupper, clflush, clflushopt, hv

Memory: 4k page, system-wide physical 7528M (95M free)
TotalPageFile size 31080M (AvailPageFile size 0M)
current process WorkingSet (physical memory assigned to process): 92M, peak: 155M
current process commit charge ("private bytes"): 234M, peak: 270M

vm_info: Java HotSpot(TM) 64-Bit Server VM (17.0.6+9-LTS-190) for windows-amd64 JRE (17.0.6+9-LTS-190), built on Dec  6 2022 15:53:54 by "mach5one" with MS VC++ 17.1 (VS2022)

END.
